

Started GET "/" for 127.0.0.1 at 2014-04-10 14:51:13 -0600
Processing by Rails::WelcomeController#index as HTML
  Rendered /home/dominic/.rvm/gems/ruby-2.1.0@railstutorial_rails_4_0/gems/railties-4.0.2/lib/rails/templates/rails/welcome/index.html.erb (8.0ms)
Completed 200 OK in 29ms (Views: 27.4ms | ActiveRecord: 0.0ms)


Started GET "/static_pages" for 127.0.0.1 at 2014-04-10 14:51:20 -0600

ActionController::RoutingError (No route matches [GET] "/static_pages"):
  actionpack (4.0.2) lib/action_dispatch/middleware/debug_exceptions.rb:21:in `call'
  actionpack (4.0.2) lib/action_dispatch/middleware/show_exceptions.rb:30:in `call'
  railties (4.0.2) lib/rails/rack/logger.rb:38:in `call_app'
  railties (4.0.2) lib/rails/rack/logger.rb:20:in `block in call'
  activesupport (4.0.2) lib/active_support/tagged_logging.rb:67:in `block in tagged'
  activesupport (4.0.2) lib/active_support/tagged_logging.rb:25:in `tagged'
  activesupport (4.0.2) lib/active_support/tagged_logging.rb:67:in `tagged'
  railties (4.0.2) lib/rails/rack/logger.rb:20:in `call'
  actionpack (4.0.2) lib/action_dispatch/middleware/request_id.rb:21:in `call'
  rack (1.5.2) lib/rack/methodoverride.rb:21:in `call'
  rack (1.5.2) lib/rack/runtime.rb:17:in `call'
  activesupport (4.0.2) lib/active_support/cache/strategy/local_cache.rb:83:in `call'
  rack (1.5.2) lib/rack/lock.rb:17:in `call'
  actionpack (4.0.2) lib/action_dispatch/middleware/static.rb:64:in `call'
  rack (1.5.2) lib/rack/sendfile.rb:112:in `call'
  railties (4.0.2) lib/rails/engine.rb:511:in `call'
  railties (4.0.2) lib/rails/application.rb:97:in `call'
  rack (1.5.2) lib/rack/lock.rb:17:in `call'
  rack (1.5.2) lib/rack/content_length.rb:14:in `call'
  rack (1.5.2) lib/rack/handler/webrick.rb:60:in `service'
  /home/dominic/.rvm/rubies/ruby-2.1.0/lib/ruby/2.1.0/webrick/httpserver.rb:138:in `service'
  /home/dominic/.rvm/rubies/ruby-2.1.0/lib/ruby/2.1.0/webrick/httpserver.rb:94:in `run'
  /home/dominic/.rvm/rubies/ruby-2.1.0/lib/ruby/2.1.0/webrick/server.rb:295:in `block in start_thread'


  Rendered /home/dominic/.rvm/gems/ruby-2.1.0@railstutorial_rails_4_0/gems/actionpack-4.0.2/lib/action_dispatch/middleware/templates/rescues/_trace.erb (4.8ms)
  Rendered /home/dominic/.rvm/gems/ruby-2.1.0@railstutorial_rails_4_0/gems/actionpack-4.0.2/lib/action_dispatch/middleware/templates/routes/_route.html.erb (2.3ms)
  Rendered /home/dominic/.rvm/gems/ruby-2.1.0@railstutorial_rails_4_0/gems/actionpack-4.0.2/lib/action_dispatch/middleware/templates/routes/_table.html.erb (29.7ms)
  Rendered /home/dominic/.rvm/gems/ruby-2.1.0@railstutorial_rails_4_0/gems/actionpack-4.0.2/lib/action_dispatch/middleware/templates/rescues/routing_error.erb within rescues/layout (76.1ms)


Started GET "/static_pages/home" for 127.0.0.1 at 2014-04-10 14:51:25 -0600
Processing by StaticPagesController#home as HTML
  Rendered static_pages/home.html.erb within layouts/application (0.5ms)
Completed 200 OK in 1417ms (Views: 1415.7ms | ActiveRecord: 0.0ms)


Started GET "/assets/application.css?body=1" for 127.0.0.1 at 2014-04-10 14:51:26 -0600


Started GET "/assets/jquery.js?body=1" for 127.0.0.1 at 2014-04-10 14:51:26 -0600


Started GET "/assets/static_pages.css?body=1" for 127.0.0.1 at 2014-04-10 14:51:26 -0600


Started GET "/assets/static_pages.js?body=1" for 127.0.0.1 at 2014-04-10 14:51:26 -0600


Started GET "/assets/jquery_ujs.js?body=1" for 127.0.0.1 at 2014-04-10 14:51:26 -0600


Started GET "/assets/turbolinks.js?body=1" for 127.0.0.1 at 2014-04-10 14:51:26 -0600


Started GET "/assets/application.js?body=1" for 127.0.0.1 at 2014-04-10 14:51:26 -0600


Started GET "/static_pages/home" for 127.0.0.1 at 2014-04-10 15:09:01 -0600
Processing by StaticPagesController#home as HTML
  Rendered static_pages/home.html.erb within layouts/application (0.7ms)
Completed 200 OK in 120ms (Views: 119.2ms | ActiveRecord: 0.0ms)


Started GET "/assets/static_pages.css?body=1" for 127.0.0.1 at 2014-04-10 15:09:01 -0600


Started GET "/assets/application.css?body=1" for 127.0.0.1 at 2014-04-10 15:09:01 -0600


Started GET "/assets/jquery.js?body=1" for 127.0.0.1 at 2014-04-10 15:09:01 -0600


Started GET "/assets/jquery_ujs.js?body=1" for 127.0.0.1 at 2014-04-10 15:09:02 -0600


Started GET "/assets/application.js?body=1" for 127.0.0.1 at 2014-04-10 15:09:02 -0600


Started GET "/assets/turbolinks.js?body=1" for 127.0.0.1 at 2014-04-10 15:09:02 -0600


Started GET "/assets/static_pages.js?body=1" for 127.0.0.1 at 2014-04-10 15:09:02 -0600


Started GET "/static_pages/about" for 127.0.0.1 at 2014-04-10 15:09:06 -0600
Processing by StaticPagesController#about as HTML
  Rendered static_pages/about.html.erb within layouts/application (0.5ms)
Completed 200 OK in 7ms (Views: 6.4ms | ActiveRecord: 0.0ms)


Started GET "/assets/application.css?body=1" for 127.0.0.1 at 2014-04-10 15:09:06 -0600


Started GET "/assets/jquery_ujs.js?body=1" for 127.0.0.1 at 2014-04-10 15:09:06 -0600


Started GET "/assets/static_pages.css?body=1" for 127.0.0.1 at 2014-04-10 15:09:06 -0600


Started GET "/assets/jquery.js?body=1" for 127.0.0.1 at 2014-04-10 15:09:06 -0600


Started GET "/assets/application.js?body=1" for 127.0.0.1 at 2014-04-10 15:09:06 -0600


Started GET "/assets/static_pages.js?body=1" for 127.0.0.1 at 2014-04-10 15:09:06 -0600


Started GET "/assets/turbolinks.js?body=1" for 127.0.0.1 at 2014-04-10 15:09:06 -0600


Started GET "/static_pages/help" for 127.0.0.1 at 2014-04-10 15:09:16 -0600
Processing by StaticPagesController#help as HTML
  Rendered static_pages/help.html.erb within layouts/application (1.0ms)
Completed 200 OK in 12ms (Views: 11.7ms | ActiveRecord: 0.0ms)


Started GET "/assets/static_pages.css?body=1" for 127.0.0.1 at 2014-04-10 15:09:16 -0600


Started GET "/assets/jquery.js?body=1" for 127.0.0.1 at 2014-04-10 15:09:16 -0600


Started GET "/assets/static_pages.js?body=1" for 127.0.0.1 at 2014-04-10 15:09:16 -0600


Started GET "/assets/application.css?body=1" for 127.0.0.1 at 2014-04-10 15:09:16 -0600


Started GET "/assets/application.js?body=1" for 127.0.0.1 at 2014-04-10 15:09:16 -0600


Started GET "/assets/turbolinks.js?body=1" for 127.0.0.1 at 2014-04-10 15:09:16 -0600


Started GET "/assets/jquery_ujs.js?body=1" for 127.0.0.1 at 2014-04-10 15:09:16 -0600


Started GET "/static_pages/home" for 127.0.0.1 at 2014-04-10 16:00:14 -0600
Processing by StaticPagesController#home as HTML
  Rendered static_pages/home.html.erb within layouts/application (0.8ms)
Completed 200 OK in 84ms (Views: 83.0ms | ActiveRecord: 0.0ms)


Started GET "/assets/application.css?body=1" for 127.0.0.1 at 2014-04-10 16:00:14 -0600


Started GET "/assets/static_pages.css?body=1" for 127.0.0.1 at 2014-04-10 16:00:14 -0600


Started GET "/assets/jquery_ujs.js?body=1" for 127.0.0.1 at 2014-04-10 16:00:14 -0600


Started GET "/assets/turbolinks.js?body=1" for 127.0.0.1 at 2014-04-10 16:00:14 -0600


Started GET "/assets/jquery.js?body=1" for 127.0.0.1 at 2014-04-10 16:00:14 -0600


Started GET "/assets/static_pages.js?body=1" for 127.0.0.1 at 2014-04-10 16:00:14 -0600


Started GET "/assets/application.js?body=1" for 127.0.0.1 at 2014-04-10 16:00:14 -0600


Started GET "/static_pages/home" for 127.0.0.1 at 2014-04-10 16:00:23 -0600
Processing by StaticPagesController#home as HTML
  Rendered static_pages/home.html.erb within layouts/application (0.3ms)
Completed 200 OK in 4ms (Views: 3.6ms | ActiveRecord: 0.0ms)


Started GET "/static_pages/home" for 127.0.0.1 at 2014-04-10 16:00:26 -0600
Processing by StaticPagesController#home as HTML
  Rendered static_pages/home.html.erb within layouts/application (0.1ms)
Completed 200 OK in 4ms (Views: 4.2ms | ActiveRecord: 0.0ms)


Started GET "/static_pages/home" for 127.0.0.1 at 2014-04-10 16:08:09 -0600
Processing by StaticPagesController#home as HTML
  Rendered static_pages/home.html.erb within layouts/application (6.6ms)
Completed 200 OK in 121ms (Views: 120.7ms | ActiveRecord: 0.0ms)


Started GET "/assets/application.css?body=1" for 127.0.0.1 at 2014-04-10 16:08:09 -0600


Started GET "/assets/static_pages.css?body=1" for 127.0.0.1 at 2014-04-10 16:08:09 -0600


Started GET "/assets/jquery.js?body=1" for 127.0.0.1 at 2014-04-10 16:08:09 -0600


Started GET "/assets/jquery_ujs.js?body=1" for 127.0.0.1 at 2014-04-10 16:08:10 -0600


Started GET "/assets/application.js?body=1" for 127.0.0.1 at 2014-04-10 16:08:10 -0600


Started GET "/assets/turbolinks.js?body=1" for 127.0.0.1 at 2014-04-10 16:08:10 -0600


Started GET "/assets/static_pages.js?body=1" for 127.0.0.1 at 2014-04-10 16:08:10 -0600


Started GET "/images/rails.png" for 127.0.0.1 at 2014-04-10 16:08:10 -0600

ActionController::RoutingError (No route matches [GET] "/images/rails.png"):
  actionpack (4.0.2) lib/action_dispatch/middleware/debug_exceptions.rb:21:in `call'
  actionpack (4.0.2) lib/action_dispatch/middleware/show_exceptions.rb:30:in `call'
  railties (4.0.2) lib/rails/rack/logger.rb:38:in `call_app'
  railties (4.0.2) lib/rails/rack/logger.rb:20:in `block in call'
  activesupport (4.0.2) lib/active_support/tagged_logging.rb:67:in `block in tagged'
  activesupport (4.0.2) lib/active_support/tagged_logging.rb:25:in `tagged'
  activesupport (4.0.2) lib/active_support/tagged_logging.rb:67:in `tagged'
  railties (4.0.2) lib/rails/rack/logger.rb:20:in `call'
  actionpack (4.0.2) lib/action_dispatch/middleware/request_id.rb:21:in `call'
  rack (1.5.2) lib/rack/methodoverride.rb:21:in `call'
  rack (1.5.2) lib/rack/runtime.rb:17:in `call'
  activesupport (4.0.2) lib/active_support/cache/strategy/local_cache.rb:83:in `call'
  rack (1.5.2) lib/rack/lock.rb:17:in `call'
  actionpack (4.0.2) lib/action_dispatch/middleware/static.rb:64:in `call'
  rack (1.5.2) lib/rack/sendfile.rb:112:in `call'
  railties (4.0.2) lib/rails/engine.rb:511:in `call'
  railties (4.0.2) lib/rails/application.rb:97:in `call'
  rack (1.5.2) lib/rack/lock.rb:17:in `call'
  rack (1.5.2) lib/rack/content_length.rb:14:in `call'
  rack (1.5.2) lib/rack/handler/webrick.rb:60:in `service'
  /home/dominic/.rvm/rubies/ruby-2.1.0/lib/ruby/2.1.0/webrick/httpserver.rb:138:in `service'
  /home/dominic/.rvm/rubies/ruby-2.1.0/lib/ruby/2.1.0/webrick/httpserver.rb:94:in `run'
  /home/dominic/.rvm/rubies/ruby-2.1.0/lib/ruby/2.1.0/webrick/server.rb:295:in `block in start_thread'


  Rendered /home/dominic/.rvm/gems/ruby-2.1.0@railstutorial_rails_4_0/gems/actionpack-4.0.2/lib/action_dispatch/middleware/templates/rescues/_trace.erb (4.9ms)
  Rendered /home/dominic/.rvm/gems/ruby-2.1.0@railstutorial_rails_4_0/gems/actionpack-4.0.2/lib/action_dispatch/middleware/templates/routes/_route.html.erb (2.9ms)
  Rendered /home/dominic/.rvm/gems/ruby-2.1.0@railstutorial_rails_4_0/gems/actionpack-4.0.2/lib/action_dispatch/middleware/templates/routes/_table.html.erb (25.5ms)
  Rendered /home/dominic/.rvm/gems/ruby-2.1.0@railstutorial_rails_4_0/gems/actionpack-4.0.2/lib/action_dispatch/middleware/templates/rescues/routing_error.erb within rescues/layout (57.6ms)


Started GET "/static_pages/home" for 127.0.0.1 at 2014-04-10 16:11:06 -0600
Processing by StaticPagesController#home as HTML
  Rendered static_pages/home.html.erb within layouts/application (8.2ms)
Completed 200 OK in 12ms (Views: 11.7ms | ActiveRecord: 0.0ms)


Started GET "/assets/application.css?body=1" for 127.0.0.1 at 2014-04-10 16:11:06 -0600


Started GET "/assets/turbolinks.js?body=1" for 127.0.0.1 at 2014-04-10 16:11:06 -0600


Started GET "/assets/jquery.js?body=1" for 127.0.0.1 at 2014-04-10 16:11:06 -0600


Started GET "/assets/static_pages.css?body=1" for 127.0.0.1 at 2014-04-10 16:11:06 -0600


Started GET "/assets/jquery_ujs.js?body=1" for 127.0.0.1 at 2014-04-10 16:11:06 -0600


Started GET "/assets/application.js?body=1" for 127.0.0.1 at 2014-04-10 16:11:06 -0600


Started GET "/assets/static_pages.js?body=1" for 127.0.0.1 at 2014-04-10 16:11:06 -0600


Started GET "/images/rails.png" for 127.0.0.1 at 2014-04-10 16:11:06 -0600

ActionController::RoutingError (No route matches [GET] "/images/rails.png"):
  actionpack (4.0.2) lib/action_dispatch/middleware/debug_exceptions.rb:21:in `call'
  actionpack (4.0.2) lib/action_dispatch/middleware/show_exceptions.rb:30:in `call'
  railties (4.0.2) lib/rails/rack/logger.rb:38:in `call_app'
  railties (4.0.2) lib/rails/rack/logger.rb:20:in `block in call'
  activesupport (4.0.2) lib/active_support/tagged_logging.rb:67:in `block in tagged'
  activesupport (4.0.2) lib/active_support/tagged_logging.rb:25:in `tagged'
  activesupport (4.0.2) lib/active_support/tagged_logging.rb:67:in `tagged'
  railties (4.0.2) lib/rails/rack/logger.rb:20:in `call'
  actionpack (4.0.2) lib/action_dispatch/middleware/request_id.rb:21:in `call'
  rack (1.5.2) lib/rack/methodoverride.rb:21:in `call'
  rack (1.5.2) lib/rack/runtime.rb:17:in `call'
  activesupport (4.0.2) lib/active_support/cache/strategy/local_cache.rb:83:in `call'
  rack (1.5.2) lib/rack/lock.rb:17:in `call'
  actionpack (4.0.2) lib/action_dispatch/middleware/static.rb:64:in `call'
  rack (1.5.2) lib/rack/sendfile.rb:112:in `call'
  railties (4.0.2) lib/rails/engine.rb:511:in `call'
  railties (4.0.2) lib/rails/application.rb:97:in `call'
  rack (1.5.2) lib/rack/lock.rb:17:in `call'
  rack (1.5.2) lib/rack/content_length.rb:14:in `call'
  rack (1.5.2) lib/rack/handler/webrick.rb:60:in `service'
  /home/dominic/.rvm/rubies/ruby-2.1.0/lib/ruby/2.1.0/webrick/httpserver.rb:138:in `service'
  /home/dominic/.rvm/rubies/ruby-2.1.0/lib/ruby/2.1.0/webrick/httpserver.rb:94:in `run'
  /home/dominic/.rvm/rubies/ruby-2.1.0/lib/ruby/2.1.0/webrick/server.rb:295:in `block in start_thread'


  Rendered /home/dominic/.rvm/gems/ruby-2.1.0@railstutorial_rails_4_0/gems/actionpack-4.0.2/lib/action_dispatch/middleware/templates/rescues/_trace.erb (1.6ms)
  Rendered /home/dominic/.rvm/gems/ruby-2.1.0@railstutorial_rails_4_0/gems/actionpack-4.0.2/lib/action_dispatch/middleware/templates/routes/_route.html.erb (7.1ms)
  Rendered /home/dominic/.rvm/gems/ruby-2.1.0@railstutorial_rails_4_0/gems/actionpack-4.0.2/lib/action_dispatch/middleware/templates/routes/_table.html.erb (2.2ms)
  Rendered /home/dominic/.rvm/gems/ruby-2.1.0@railstutorial_rails_4_0/gems/actionpack-4.0.2/lib/action_dispatch/middleware/templates/rescues/routing_error.erb within rescues/layout (44.6ms)


Started GET "/static_pages/home" for 127.0.0.1 at 2014-04-10 16:13:06 -0600
Processing by StaticPagesController#home as HTML
  Rendered static_pages/home.html.erb within layouts/application (3.8ms)
Completed 200 OK in 7ms (Views: 7.2ms | ActiveRecord: 0.0ms)


Started GET "/assets/application.css?body=1" for 127.0.0.1 at 2014-04-10 16:13:06 -0600


Started GET "/assets/static_pages.css?body=1" for 127.0.0.1 at 2014-04-10 16:13:06 -0600


Started GET "/assets/application.js?body=1" for 127.0.0.1 at 2014-04-10 16:13:06 -0600


Started GET "/assets/jquery_ujs.js?body=1" for 127.0.0.1 at 2014-04-10 16:13:06 -0600


Started GET "/assets/jquery.js?body=1" for 127.0.0.1 at 2014-04-10 16:13:06 -0600


Started GET "/assets/turbolinks.js?body=1" for 127.0.0.1 at 2014-04-10 16:13:06 -0600


Started GET "/assets/static_pages.js?body=1" for 127.0.0.1 at 2014-04-10 16:13:06 -0600


Started GET "/images/rails.png" for 127.0.0.1 at 2014-04-10 16:13:06 -0600

ActionController::RoutingError (No route matches [GET] "/images/rails.png"):
  actionpack (4.0.2) lib/action_dispatch/middleware/debug_exceptions.rb:21:in `call'
  actionpack (4.0.2) lib/action_dispatch/middleware/show_exceptions.rb:30:in `call'
  railties (4.0.2) lib/rails/rack/logger.rb:38:in `call_app'
  railties (4.0.2) lib/rails/rack/logger.rb:20:in `block in call'
  activesupport (4.0.2) lib/active_support/tagged_logging.rb:67:in `block in tagged'
  activesupport (4.0.2) lib/active_support/tagged_logging.rb:25:in `tagged'
  activesupport (4.0.2) lib/active_support/tagged_logging.rb:67:in `tagged'
  railties (4.0.2) lib/rails/rack/logger.rb:20:in `call'
  actionpack (4.0.2) lib/action_dispatch/middleware/request_id.rb:21:in `call'
  rack (1.5.2) lib/rack/methodoverride.rb:21:in `call'
  rack (1.5.2) lib/rack/runtime.rb:17:in `call'
  activesupport (4.0.2) lib/active_support/cache/strategy/local_cache.rb:83:in `call'
  rack (1.5.2) lib/rack/lock.rb:17:in `call'
  actionpack (4.0.2) lib/action_dispatch/middleware/static.rb:64:in `call'
  rack (1.5.2) lib/rack/sendfile.rb:112:in `call'
  railties (4.0.2) lib/rails/engine.rb:511:in `call'
  railties (4.0.2) lib/rails/application.rb:97:in `call'
  rack (1.5.2) lib/rack/lock.rb:17:in `call'
  rack (1.5.2) lib/rack/content_length.rb:14:in `call'
  rack (1.5.2) lib/rack/handler/webrick.rb:60:in `service'
  /home/dominic/.rvm/rubies/ruby-2.1.0/lib/ruby/2.1.0/webrick/httpserver.rb:138:in `service'
  /home/dominic/.rvm/rubies/ruby-2.1.0/lib/ruby/2.1.0/webrick/httpserver.rb:94:in `run'
  /home/dominic/.rvm/rubies/ruby-2.1.0/lib/ruby/2.1.0/webrick/server.rb:295:in `block in start_thread'


  Rendered /home/dominic/.rvm/gems/ruby-2.1.0@railstutorial_rails_4_0/gems/actionpack-4.0.2/lib/action_dispatch/middleware/templates/rescues/_trace.erb (2.7ms)
  Rendered /home/dominic/.rvm/gems/ruby-2.1.0@railstutorial_rails_4_0/gems/actionpack-4.0.2/lib/action_dispatch/middleware/templates/routes/_route.html.erb (1.3ms)
  Rendered /home/dominic/.rvm/gems/ruby-2.1.0@railstutorial_rails_4_0/gems/actionpack-4.0.2/lib/action_dispatch/middleware/templates/routes/_table.html.erb (2.7ms)
  Rendered /home/dominic/.rvm/gems/ruby-2.1.0@railstutorial_rails_4_0/gems/actionpack-4.0.2/lib/action_dispatch/middleware/templates/rescues/routing_error.erb within rescues/layout (20.4ms)


Started GET "/static_pages/home" for 127.0.0.1 at 2014-04-10 16:16:45 -0600
Processing by StaticPagesController#home as HTML
  Rendered static_pages/home.html.erb within layouts/application (5.1ms)
Completed 200 OK in 10ms (Views: 9.6ms | ActiveRecord: 0.0ms)


Started GET "/assets/application.css?body=1" for 127.0.0.1 at 2014-04-10 16:16:45 -0600


Started GET "/assets/static_pages.css?body=1" for 127.0.0.1 at 2014-04-10 16:16:45 -0600


Started GET "/assets/application.js?body=1" for 127.0.0.1 at 2014-04-10 16:16:45 -0600


Started GET "/assets/jquery_ujs.js?body=1" for 127.0.0.1 at 2014-04-10 16:16:45 -0600


Started GET "/assets/turbolinks.js?body=1" for 127.0.0.1 at 2014-04-10 16:16:45 -0600


Started GET "/assets/jquery.js?body=1" for 127.0.0.1 at 2014-04-10 16:16:45 -0600


Started GET "/assets/static_pages.js?body=1" for 127.0.0.1 at 2014-04-10 16:16:45 -0600


Started GET "/assets/gps.gif" for 127.0.0.1 at 2014-04-10 16:16:45 -0600


Started GET "/static_pages/home" for 127.0.0.1 at 2014-04-10 16:25:32 -0600
Processing by StaticPagesController#home as HTML
  Rendered static_pages/home.html.erb within layouts/application (2.6ms)
Completed 500 Internal Server Error in 32ms

ActionView::Template::Error (undefined method `environment' for nil:NilClass
  (in /home/dominic/GPS-app/GPS-app/app/assets/stylesheets/custom.css.scss)):
    2: <html>
    3:   <head>
    4:     <title><%= full_title(yield(:title)) %></title>
    5:     <%= stylesheet_link_tag "application", media: "all",
    6:                                            "data-turbolinks-track" => true %>
    7:     <%= javascript_include_tag "application", "data-turbolinks-track" => true %>
    8:     <%= csrf_meta_tags %>
  app/views/layouts/application.html.erb:5:in `_app_views_layouts_application_html_erb__3671684984856606259_10962000'


  Rendered /home/dominic/.rvm/gems/ruby-2.1.0@railstutorial_rails_4_0/gems/actionpack-4.0.2/lib/action_dispatch/middleware/templates/rescues/_trace.erb (2.9ms)
  Rendered /home/dominic/.rvm/gems/ruby-2.1.0@railstutorial_rails_4_0/gems/actionpack-4.0.2/lib/action_dispatch/middleware/templates/rescues/_request_and_response.erb (34.9ms)
  Rendered /home/dominic/.rvm/gems/ruby-2.1.0@railstutorial_rails_4_0/gems/actionpack-4.0.2/lib/action_dispatch/middleware/templates/rescues/template_error.erb within rescues/layout (48.9ms)


Started GET "/static_pages/home" for 127.0.0.1 at 2014-04-10 16:27:21 -0600
Processing by StaticPagesController#home as HTML
  Rendered static_pages/home.html.erb within layouts/application (0.3ms)
Completed 500 Internal Server Error in 15ms

ActionView::Template::Error (undefined method `environment' for nil:NilClass
  (in /home/dominic/GPS-app/GPS-app/app/assets/stylesheets/custom.css.scss)):
    2: <html>
    3:   <head>
    4:     <title><%= full_title(yield(:title)) %></title>
    5:     <%= stylesheet_link_tag "application", media: "all",
    6:                                            "data-turbolinks-track" => true %>
    7:     <%= javascript_include_tag "application", "data-turbolinks-track" => true %>
    8:     <%= csrf_meta_tags %>
  app/views/layouts/application.html.erb:5:in `_app_views_layouts_application_html_erb__3671684984856606259_10962000'


  Rendered /home/dominic/.rvm/gems/ruby-2.1.0@railstutorial_rails_4_0/gems/actionpack-4.0.2/lib/action_dispatch/middleware/templates/rescues/_trace.erb (2.4ms)
  Rendered /home/dominic/.rvm/gems/ruby-2.1.0@railstutorial_rails_4_0/gems/actionpack-4.0.2/lib/action_dispatch/middleware/templates/rescues/_request_and_response.erb (1.6ms)
  Rendered /home/dominic/.rvm/gems/ruby-2.1.0@railstutorial_rails_4_0/gems/actionpack-4.0.2/lib/action_dispatch/middleware/templates/rescues/template_error.erb within rescues/layout (14.3ms)


Started GET "/static_pages/home" for 127.0.0.1 at 2014-04-10 16:27:25 -0600
Processing by StaticPagesController#home as HTML
  Rendered static_pages/home.html.erb within layouts/application (0.6ms)
Completed 500 Internal Server Error in 14ms

ActionView::Template::Error (undefined method `environment' for nil:NilClass
  (in /home/dominic/GPS-app/GPS-app/app/assets/stylesheets/custom.css.scss)):
    2: <html>
    3:   <head>
    4:     <title><%= full_title(yield(:title)) %></title>
    5:     <%= stylesheet_link_tag "application", media: "all",
    6:                                            "data-turbolinks-track" => true %>
    7:     <%= javascript_include_tag "application", "data-turbolinks-track" => true %>
    8:     <%= csrf_meta_tags %>
  app/views/layouts/application.html.erb:5:in `_app_views_layouts_application_html_erb__3671684984856606259_10962000'


  Rendered /home/dominic/.rvm/gems/ruby-2.1.0@railstutorial_rails_4_0/gems/actionpack-4.0.2/lib/action_dispatch/middleware/templates/rescues/_trace.erb (2.0ms)
  Rendered /home/dominic/.rvm/gems/ruby-2.1.0@railstutorial_rails_4_0/gems/actionpack-4.0.2/lib/action_dispatch/middleware/templates/rescues/_request_and_response.erb (2.8ms)
  Rendered /home/dominic/.rvm/gems/ruby-2.1.0@railstutorial_rails_4_0/gems/actionpack-4.0.2/lib/action_dispatch/middleware/templates/rescues/template_error.erb within rescues/layout (29.3ms)


Started GET "/static_pages/help" for 127.0.0.1 at 2014-04-10 16:27:49 -0600
Processing by StaticPagesController#help as HTML
  Rendered static_pages/help.html.erb within layouts/application (0.3ms)
Completed 500 Internal Server Error in 30ms

ActionView::Template::Error (undefined method `environment' for nil:NilClass
  (in /home/dominic/GPS-app/GPS-app/app/assets/stylesheets/custom.css.scss)):
    2: <html>
    3:   <head>
    4:     <title><%= full_title(yield(:title)) %></title>
    5:     <%= stylesheet_link_tag "application", media: "all",
    6:                                            "data-turbolinks-track" => true %>
    7:     <%= javascript_include_tag "application", "data-turbolinks-track" => true %>
    8:     <%= csrf_meta_tags %>
  app/views/layouts/application.html.erb:5:in `_app_views_layouts_application_html_erb__3671684984856606259_10962000'


  Rendered /home/dominic/.rvm/gems/ruby-2.1.0@railstutorial_rails_4_0/gems/actionpack-4.0.2/lib/action_dispatch/middleware/templates/rescues/_trace.erb (2.9ms)
  Rendered /home/dominic/.rvm/gems/ruby-2.1.0@railstutorial_rails_4_0/gems/actionpack-4.0.2/lib/action_dispatch/middleware/templates/rescues/_request_and_response.erb (3.3ms)
  Rendered /home/dominic/.rvm/gems/ruby-2.1.0@railstutorial_rails_4_0/gems/actionpack-4.0.2/lib/action_dispatch/middleware/templates/rescues/template_error.erb within rescues/layout (23.5ms)


Started GET "/static_pages/home" for 127.0.0.1 at 2014-04-10 16:27:55 -0600
Processing by StaticPagesController#home as HTML
  Rendered static_pages/home.html.erb within layouts/application (0.3ms)
Completed 500 Internal Server Error in 40ms

ActionView::Template::Error (undefined method `environment' for nil:NilClass
  (in /home/dominic/GPS-app/GPS-app/app/assets/stylesheets/custom.css.scss)):
    2: <html>
    3:   <head>
    4:     <title><%= full_title(yield(:title)) %></title>
    5:     <%= stylesheet_link_tag "application", media: "all",
    6:                                            "data-turbolinks-track" => true %>
    7:     <%= javascript_include_tag "application", "data-turbolinks-track" => true %>
    8:     <%= csrf_meta_tags %>
  app/views/layouts/application.html.erb:5:in `_app_views_layouts_application_html_erb__3671684984856606259_10962000'


  Rendered /home/dominic/.rvm/gems/ruby-2.1.0@railstutorial_rails_4_0/gems/actionpack-4.0.2/lib/action_dispatch/middleware/templates/rescues/_trace.erb (1.8ms)
  Rendered /home/dominic/.rvm/gems/ruby-2.1.0@railstutorial_rails_4_0/gems/actionpack-4.0.2/lib/action_dispatch/middleware/templates/rescues/_request_and_response.erb (5.0ms)
  Rendered /home/dominic/.rvm/gems/ruby-2.1.0@railstutorial_rails_4_0/gems/actionpack-4.0.2/lib/action_dispatch/middleware/templates/rescues/template_error.erb within rescues/layout (23.3ms)


Started GET "/static_pages/home" for 127.0.0.1 at 2014-04-10 16:34:43 -0600
Processing by StaticPagesController#home as HTML
  Rendered static_pages/home.html.erb within layouts/application (6.8ms)
Warning. Error encountered while saving cache cb53b898f797956e149916faf714739b3d99aca7/bootstrap.scssc: can't dump anonymous class #<Class:0x00000003246f28>

Warning. Error encountered while saving cache 000678e3725164a3a9ea09ef044617a30516c21f/bootstrap.scssc: can't dump anonymous class #<Class:0x00000003246f28>

Warning. Error encountered while saving cache 000678e3725164a3a9ea09ef044617a30516c21f/_variables.scssc: can't dump anonymous class #<Class:0x00000003246f28>

Warning. Error encountered while saving cache 000678e3725164a3a9ea09ef044617a30516c21f/_mixins.scssc: can't dump anonymous class #<Class:0x00000003246f28>

Warning. Error encountered while saving cache 000678e3725164a3a9ea09ef044617a30516c21f/_reset.scssc: can't dump anonymous class #<Class:0x00000003246f28>

Warning. Error encountered while saving cache 000678e3725164a3a9ea09ef044617a30516c21f/_scaffolding.scssc: can't dump anonymous class #<Class:0x00000003246f28>

Warning. Error encountered while saving cache 000678e3725164a3a9ea09ef044617a30516c21f/_grid.scssc: can't dump anonymous class #<Class:0x00000003246f28>

Warning. Error encountered while saving cache 000678e3725164a3a9ea09ef044617a30516c21f/_layouts.scssc: can't dump anonymous class #<Class:0x00000003246f28>

Warning. Error encountered while saving cache 000678e3725164a3a9ea09ef044617a30516c21f/_type.scssc: can't dump anonymous class #<Class:0x00000003246f28>

Warning. Error encountered while saving cache 000678e3725164a3a9ea09ef044617a30516c21f/_code.scssc: can't dump anonymous class #<Class:0x00000003246f28>

Warning. Error encountered while saving cache 000678e3725164a3a9ea09ef044617a30516c21f/_forms.scssc: can't dump anonymous class #<Class:0x00000003246f28>

Warning. Error encountered while saving cache 000678e3725164a3a9ea09ef044617a30516c21f/_tables.scssc: can't dump anonymous class #<Class:0x00000003246f28>

Warning. Error encountered while saving cache 000678e3725164a3a9ea09ef044617a30516c21f/_sprites.scssc: can't dump anonymous class #<Class:0x00000003246f28>

Warning. Error encountered while saving cache 000678e3725164a3a9ea09ef044617a30516c21f/_dropdowns.scssc: can't dump anonymous class #<Class:0x00000003246f28>

Warning. Error encountered while saving cache 000678e3725164a3a9ea09ef044617a30516c21f/_wells.scssc: can't dump anonymous class #<Class:0x00000003246f28>

Warning. Error encountered while saving cache 000678e3725164a3a9ea09ef044617a30516c21f/_component-animations.scssc: can't dump anonymous class #<Class:0x00000003246f28>

Warning. Error encountered while saving cache 000678e3725164a3a9ea09ef044617a30516c21f/_close.scssc: can't dump anonymous class #<Class:0x00000003246f28>

Warning. Error encountered while saving cache 000678e3725164a3a9ea09ef044617a30516c21f/_buttons.scssc: can't dump anonymous class #<Class:0x00000003246f28>

Warning. Error encountered while saving cache 000678e3725164a3a9ea09ef044617a30516c21f/_button-groups.scssc: can't dump anonymous class #<Class:0x00000003246f28>

Warning. Error encountered while saving cache 000678e3725164a3a9ea09ef044617a30516c21f/_alerts.scssc: can't dump anonymous class #<Class:0x00000003246f28>

Warning. Error encountered while saving cache 000678e3725164a3a9ea09ef044617a30516c21f/_navs.scssc: can't dump anonymous class #<Class:0x00000003246f28>

Warning. Error encountered while saving cache 000678e3725164a3a9ea09ef044617a30516c21f/_navbar.scssc: can't dump anonymous class #<Class:0x00000003246f28>

Warning. Error encountered while saving cache 000678e3725164a3a9ea09ef044617a30516c21f/_breadcrumbs.scssc: can't dump anonymous class #<Class:0x00000003246f28>

Warning. Error encountered while saving cache 000678e3725164a3a9ea09ef044617a30516c21f/_pagination.scssc: can't dump anonymous class #<Class:0x00000003246f28>

Warning. Error encountered while saving cache 000678e3725164a3a9ea09ef044617a30516c21f/_pager.scssc: can't dump anonymous class #<Class:0x00000003246f28>

Warning. Error encountered while saving cache 000678e3725164a3a9ea09ef044617a30516c21f/_modals.scssc: can't dump anonymous class #<Class:0x00000003246f28>

Warning. Error encountered while saving cache 000678e3725164a3a9ea09ef044617a30516c21f/_tooltip.scssc: can't dump anonymous class #<Class:0x00000003246f28>

Warning. Error encountered while saving cache 000678e3725164a3a9ea09ef044617a30516c21f/_popovers.scssc: can't dump anonymous class #<Class:0x00000003246f28>

Warning. Error encountered while saving cache 000678e3725164a3a9ea09ef044617a30516c21f/_thumbnails.scssc: can't dump anonymous class #<Class:0x00000003246f28>

Warning. Error encountered while saving cache 000678e3725164a3a9ea09ef044617a30516c21f/_media.scssc: can't dump anonymous class #<Class:0x00000003246f28>

Warning. Error encountered while saving cache 000678e3725164a3a9ea09ef044617a30516c21f/_labels-badges.scssc: can't dump anonymous class #<Class:0x00000003246f28>

Warning. Error encountered while saving cache 000678e3725164a3a9ea09ef044617a30516c21f/_progress-bars.scssc: can't dump anonymous class #<Class:0x00000003246f28>

Warning. Error encountered while saving cache 000678e3725164a3a9ea09ef044617a30516c21f/_accordion.scssc: can't dump anonymous class #<Class:0x00000003246f28>

Warning. Error encountered while saving cache 000678e3725164a3a9ea09ef044617a30516c21f/_carousel.scssc: can't dump anonymous class #<Class:0x00000003246f28>

Warning. Error encountered while saving cache 000678e3725164a3a9ea09ef044617a30516c21f/_hero-unit.scssc: can't dump anonymous class #<Class:0x00000003246f28>

Warning. Error encountered while saving cache 000678e3725164a3a9ea09ef044617a30516c21f/_utilities.scssc: can't dump anonymous class #<Class:0x00000003246f28>

Completed 200 OK in 3750ms (Views: 3743.8ms | ActiveRecord: 0.0ms)


Started GET "/assets/application.css?body=1" for 127.0.0.1 at 2014-04-10 16:34:47 -0600


Started GET "/assets/jquery.js?body=1" for 127.0.0.1 at 2014-04-10 16:34:47 -0600


Started GET "/assets/static_pages.css?body=1" for 127.0.0.1 at 2014-04-10 16:34:47 -0600


Started GET "/assets/custom.css?body=1" for 127.0.0.1 at 2014-04-10 16:34:47 -0600


Started GET "/assets/jquery_ujs.js?body=1" for 127.0.0.1 at 2014-04-10 16:34:47 -0600


Started GET "/assets/turbolinks.js?body=1" for 127.0.0.1 at 2014-04-10 16:34:47 -0600


Started GET "/assets/static_pages.js?body=1" for 127.0.0.1 at 2014-04-10 16:34:47 -0600


Started GET "/assets/application.js?body=1" for 127.0.0.1 at 2014-04-10 16:34:47 -0600


Started GET "/assets/gps.gif" for 127.0.0.1 at 2014-04-10 16:34:47 -0600


Started GET "/static_pages/home" for 127.0.0.1 at 2014-04-10 16:37:11 -0600
Processing by StaticPagesController#home as HTML
  Rendered static_pages/home.html.erb within layouts/application (0.2ms)
Warning. Error encountered while saving cache 71a9294a368826e451d4d7332cc6d6bc89be7127/custom.css.scssc: can't dump anonymous class #<Class:0x00000003246f28>

Warning. Error encountered while saving cache cb53b898f797956e149916faf714739b3d99aca7/bootstrap.scssc: can't dump anonymous class #<Class:0x00000003246f28>

Warning. Error encountered while saving cache 000678e3725164a3a9ea09ef044617a30516c21f/bootstrap.scssc: can't dump anonymous class #<Class:0x00000003246f28>

Warning. Error encountered while saving cache 000678e3725164a3a9ea09ef044617a30516c21f/_variables.scssc: can't dump anonymous class #<Class:0x00000003246f28>

Warning. Error encountered while saving cache 000678e3725164a3a9ea09ef044617a30516c21f/_mixins.scssc: can't dump anonymous class #<Class:0x00000003246f28>

Warning. Error encountered while saving cache 000678e3725164a3a9ea09ef044617a30516c21f/_reset.scssc: can't dump anonymous class #<Class:0x00000003246f28>

Warning. Error encountered while saving cache 000678e3725164a3a9ea09ef044617a30516c21f/_scaffolding.scssc: can't dump anonymous class #<Class:0x00000003246f28>

Warning. Error encountered while saving cache 000678e3725164a3a9ea09ef044617a30516c21f/_grid.scssc: can't dump anonymous class #<Class:0x00000003246f28>

Warning. Error encountered while saving cache 000678e3725164a3a9ea09ef044617a30516c21f/_layouts.scssc: can't dump anonymous class #<Class:0x00000003246f28>

Warning. Error encountered while saving cache 000678e3725164a3a9ea09ef044617a30516c21f/_type.scssc: can't dump anonymous class #<Class:0x00000003246f28>

Warning. Error encountered while saving cache 000678e3725164a3a9ea09ef044617a30516c21f/_code.scssc: can't dump anonymous class #<Class:0x00000003246f28>

Warning. Error encountered while saving cache 000678e3725164a3a9ea09ef044617a30516c21f/_forms.scssc: can't dump anonymous class #<Class:0x00000003246f28>

Warning. Error encountered while saving cache 000678e3725164a3a9ea09ef044617a30516c21f/_tables.scssc: can't dump anonymous class #<Class:0x00000003246f28>

Warning. Error encountered while saving cache 000678e3725164a3a9ea09ef044617a30516c21f/_sprites.scssc: can't dump anonymous class #<Class:0x00000003246f28>

Warning. Error encountered while saving cache 000678e3725164a3a9ea09ef044617a30516c21f/_dropdowns.scssc: can't dump anonymous class #<Class:0x00000003246f28>

Warning. Error encountered while saving cache 000678e3725164a3a9ea09ef044617a30516c21f/_wells.scssc: can't dump anonymous class #<Class:0x00000003246f28>

Warning. Error encountered while saving cache 000678e3725164a3a9ea09ef044617a30516c21f/_component-animations.scssc: can't dump anonymous class #<Class:0x00000003246f28>

Warning. Error encountered while saving cache 000678e3725164a3a9ea09ef044617a30516c21f/_close.scssc: can't dump anonymous class #<Class:0x00000003246f28>

Warning. Error encountered while saving cache 000678e3725164a3a9ea09ef044617a30516c21f/_buttons.scssc: can't dump anonymous class #<Class:0x00000003246f28>

Warning. Error encountered while saving cache 000678e3725164a3a9ea09ef044617a30516c21f/_button-groups.scssc: can't dump anonymous class #<Class:0x00000003246f28>

Warning. Error encountered while saving cache 000678e3725164a3a9ea09ef044617a30516c21f/_alerts.scssc: can't dump anonymous class #<Class:0x00000003246f28>

Warning. Error encountered while saving cache 000678e3725164a3a9ea09ef044617a30516c21f/_navs.scssc: can't dump anonymous class #<Class:0x00000003246f28>

Warning. Error encountered while saving cache 000678e3725164a3a9ea09ef044617a30516c21f/_navbar.scssc: can't dump anonymous class #<Class:0x00000003246f28>

Warning. Error encountered while saving cache 000678e3725164a3a9ea09ef044617a30516c21f/_breadcrumbs.scssc: can't dump anonymous class #<Class:0x00000003246f28>

Warning. Error encountered while saving cache 000678e3725164a3a9ea09ef044617a30516c21f/_pagination.scssc: can't dump anonymous class #<Class:0x00000003246f28>

Warning. Error encountered while saving cache 000678e3725164a3a9ea09ef044617a30516c21f/_pager.scssc: can't dump anonymous class #<Class:0x00000003246f28>

Warning. Error encountered while saving cache 000678e3725164a3a9ea09ef044617a30516c21f/_modals.scssc: can't dump anonymous class #<Class:0x00000003246f28>

Warning. Error encountered while saving cache 000678e3725164a3a9ea09ef044617a30516c21f/_tooltip.scssc: can't dump anonymous class #<Class:0x00000003246f28>

Warning. Error encountered while saving cache 000678e3725164a3a9ea09ef044617a30516c21f/_popovers.scssc: can't dump anonymous class #<Class:0x00000003246f28>

Warning. Error encountered while saving cache 000678e3725164a3a9ea09ef044617a30516c21f/_thumbnails.scssc: can't dump anonymous class #<Class:0x00000003246f28>

Warning. Error encountered while saving cache 000678e3725164a3a9ea09ef044617a30516c21f/_media.scssc: can't dump anonymous class #<Class:0x00000003246f28>

Warning. Error encountered while saving cache 000678e3725164a3a9ea09ef044617a30516c21f/_labels-badges.scssc: can't dump anonymous class #<Class:0x00000003246f28>

Warning. Error encountered while saving cache 000678e3725164a3a9ea09ef044617a30516c21f/_progress-bars.scssc: can't dump anonymous class #<Class:0x00000003246f28>

Warning. Error encountered while saving cache 000678e3725164a3a9ea09ef044617a30516c21f/_accordion.scssc: can't dump anonymous class #<Class:0x00000003246f28>

Warning. Error encountered while saving cache 000678e3725164a3a9ea09ef044617a30516c21f/_carousel.scssc: can't dump anonymous class #<Class:0x00000003246f28>

Warning. Error encountered while saving cache 000678e3725164a3a9ea09ef044617a30516c21f/_hero-unit.scssc: can't dump anonymous class #<Class:0x00000003246f28>

Warning. Error encountered while saving cache 000678e3725164a3a9ea09ef044617a30516c21f/_utilities.scssc: can't dump anonymous class #<Class:0x00000003246f28>

Completed 200 OK in 2805ms (Views: 2804.2ms | ActiveRecord: 0.0ms)


Started GET "/assets/custom.css?body=1" for 127.0.0.1 at 2014-04-10 16:37:14 -0600


Started GET "/assets/application.css?body=1" for 127.0.0.1 at 2014-04-10 16:37:14 -0600


Started GET "/assets/static_pages.css?body=1" for 127.0.0.1 at 2014-04-10 16:37:14 -0600


Started GET "/assets/jquery_ujs.js?body=1" for 127.0.0.1 at 2014-04-10 16:37:14 -0600


Started GET "/assets/jquery.js?body=1" for 127.0.0.1 at 2014-04-10 16:37:14 -0600


Started GET "/assets/static_pages.js?body=1" for 127.0.0.1 at 2014-04-10 16:37:14 -0600


Started GET "/assets/turbolinks.js?body=1" for 127.0.0.1 at 2014-04-10 16:37:14 -0600


Started GET "/assets/application.js?body=1" for 127.0.0.1 at 2014-04-10 16:37:14 -0600


Started GET "/assets/gps.gif" for 127.0.0.1 at 2014-04-10 16:37:14 -0600


Started GET "/static_pages/home" for 127.0.0.1 at 2014-04-10 16:37:33 -0600
Processing by StaticPagesController#home as HTML
  Rendered static_pages/home.html.erb within layouts/application (4.4ms)
Completed 200 OK in 23ms (Views: 22.6ms | ActiveRecord: 0.0ms)


Started GET "/static_pages/home" for 127.0.0.1 at 2014-04-10 16:37:33 -0600
Processing by StaticPagesController#home as HTML
  Rendered static_pages/home.html.erb within layouts/application (0.6ms)
Completed 200 OK in 6ms (Views: 5.2ms | ActiveRecord: 0.0ms)


Started GET "/static_pages/home" for 127.0.0.1 at 2014-04-10 16:38:18 -0600
Processing by StaticPagesController#home as HTML
  Rendered static_pages/home.html.erb within layouts/application (0.2ms)
Warning. Error encountered while saving cache 71a9294a368826e451d4d7332cc6d6bc89be7127/custom.css.scssc: can't dump anonymous class #<Class:0x00000003246f28>

Warning. Error encountered while saving cache cb53b898f797956e149916faf714739b3d99aca7/bootstrap.scssc: can't dump anonymous class #<Class:0x00000003246f28>

Warning. Error encountered while saving cache 000678e3725164a3a9ea09ef044617a30516c21f/bootstrap.scssc: can't dump anonymous class #<Class:0x00000003246f28>

Warning. Error encountered while saving cache 000678e3725164a3a9ea09ef044617a30516c21f/_variables.scssc: can't dump anonymous class #<Class:0x00000003246f28>

Warning. Error encountered while saving cache 000678e3725164a3a9ea09ef044617a30516c21f/_mixins.scssc: can't dump anonymous class #<Class:0x00000003246f28>

Warning. Error encountered while saving cache 000678e3725164a3a9ea09ef044617a30516c21f/_reset.scssc: can't dump anonymous class #<Class:0x00000003246f28>

Warning. Error encountered while saving cache 000678e3725164a3a9ea09ef044617a30516c21f/_scaffolding.scssc: can't dump anonymous class #<Class:0x00000003246f28>

Warning. Error encountered while saving cache 000678e3725164a3a9ea09ef044617a30516c21f/_grid.scssc: can't dump anonymous class #<Class:0x00000003246f28>

Warning. Error encountered while saving cache 000678e3725164a3a9ea09ef044617a30516c21f/_layouts.scssc: can't dump anonymous class #<Class:0x00000003246f28>

Warning. Error encountered while saving cache 000678e3725164a3a9ea09ef044617a30516c21f/_type.scssc: can't dump anonymous class #<Class:0x00000003246f28>

Warning. Error encountered while saving cache 000678e3725164a3a9ea09ef044617a30516c21f/_code.scssc: can't dump anonymous class #<Class:0x00000003246f28>

Warning. Error encountered while saving cache 000678e3725164a3a9ea09ef044617a30516c21f/_forms.scssc: can't dump anonymous class #<Class:0x00000003246f28>

Warning. Error encountered while saving cache 000678e3725164a3a9ea09ef044617a30516c21f/_tables.scssc: can't dump anonymous class #<Class:0x00000003246f28>

Warning. Error encountered while saving cache 000678e3725164a3a9ea09ef044617a30516c21f/_sprites.scssc: can't dump anonymous class #<Class:0x00000003246f28>

Warning. Error encountered while saving cache 000678e3725164a3a9ea09ef044617a30516c21f/_dropdowns.scssc: can't dump anonymous class #<Class:0x00000003246f28>

Warning. Error encountered while saving cache 000678e3725164a3a9ea09ef044617a30516c21f/_wells.scssc: can't dump anonymous class #<Class:0x00000003246f28>

Warning. Error encountered while saving cache 000678e3725164a3a9ea09ef044617a30516c21f/_component-animations.scssc: can't dump anonymous class #<Class:0x00000003246f28>

Warning. Error encountered while saving cache 000678e3725164a3a9ea09ef044617a30516c21f/_close.scssc: can't dump anonymous class #<Class:0x00000003246f28>

Warning. Error encountered while saving cache 000678e3725164a3a9ea09ef044617a30516c21f/_buttons.scssc: can't dump anonymous class #<Class:0x00000003246f28>

Warning. Error encountered while saving cache 000678e3725164a3a9ea09ef044617a30516c21f/_button-groups.scssc: can't dump anonymous class #<Class:0x00000003246f28>

Warning. Error encountered while saving cache 000678e3725164a3a9ea09ef044617a30516c21f/_alerts.scssc: can't dump anonymous class #<Class:0x00000003246f28>

Warning. Error encountered while saving cache 000678e3725164a3a9ea09ef044617a30516c21f/_navs.scssc: can't dump anonymous class #<Class:0x00000003246f28>

Warning. Error encountered while saving cache 000678e3725164a3a9ea09ef044617a30516c21f/_navbar.scssc: can't dump anonymous class #<Class:0x00000003246f28>

Warning. Error encountered while saving cache 000678e3725164a3a9ea09ef044617a30516c21f/_breadcrumbs.scssc: can't dump anonymous class #<Class:0x00000003246f28>

Warning. Error encountered while saving cache 000678e3725164a3a9ea09ef044617a30516c21f/_pagination.scssc: can't dump anonymous class #<Class:0x00000003246f28>

Warning. Error encountered while saving cache 000678e3725164a3a9ea09ef044617a30516c21f/_pager.scssc: can't dump anonymous class #<Class:0x00000003246f28>

Warning. Error encountered while saving cache 000678e3725164a3a9ea09ef044617a30516c21f/_modals.scssc: can't dump anonymous class #<Class:0x00000003246f28>

Warning. Error encountered while saving cache 000678e3725164a3a9ea09ef044617a30516c21f/_tooltip.scssc: can't dump anonymous class #<Class:0x00000003246f28>

Warning. Error encountered while saving cache 000678e3725164a3a9ea09ef044617a30516c21f/_popovers.scssc: can't dump anonymous class #<Class:0x00000003246f28>

Warning. Error encountered while saving cache 000678e3725164a3a9ea09ef044617a30516c21f/_thumbnails.scssc: can't dump anonymous class #<Class:0x00000003246f28>

Warning. Error encountered while saving cache 000678e3725164a3a9ea09ef044617a30516c21f/_media.scssc: can't dump anonymous class #<Class:0x00000003246f28>

Warning. Error encountered while saving cache 000678e3725164a3a9ea09ef044617a30516c21f/_labels-badges.scssc: can't dump anonymous class #<Class:0x00000003246f28>

Warning. Error encountered while saving cache 000678e3725164a3a9ea09ef044617a30516c21f/_progress-bars.scssc: can't dump anonymous class #<Class:0x00000003246f28>

Warning. Error encountered while saving cache 000678e3725164a3a9ea09ef044617a30516c21f/_accordion.scssc: can't dump anonymous class #<Class:0x00000003246f28>

Warning. Error encountered while saving cache 000678e3725164a3a9ea09ef044617a30516c21f/_carousel.scssc: can't dump anonymous class #<Class:0x00000003246f28>

Warning. Error encountered while saving cache 000678e3725164a3a9ea09ef044617a30516c21f/_hero-unit.scssc: can't dump anonymous class #<Class:0x00000003246f28>

Warning. Error encountered while saving cache 000678e3725164a3a9ea09ef044617a30516c21f/_utilities.scssc: can't dump anonymous class #<Class:0x00000003246f28>

Completed 200 OK in 1435ms (Views: 1434.5ms | ActiveRecord: 0.0ms)


Started GET "/static_pages/home" for 127.0.0.1 at 2014-04-10 16:38:29 -0600
Processing by StaticPagesController#home as HTML
  Rendered static_pages/home.html.erb within layouts/application (0.6ms)
Completed 200 OK in 14ms (Views: 13.3ms | ActiveRecord: 0.0ms)


Started GET "/assets/application.css?body=1" for 127.0.0.1 at 2014-04-10 16:38:29 -0600


Started GET "/assets/custom.css?body=1" for 127.0.0.1 at 2014-04-10 16:38:29 -0600


Started GET "/assets/jquery.js?body=1" for 127.0.0.1 at 2014-04-10 16:38:30 -0600


Started GET "/assets/static_pages.css?body=1" for 127.0.0.1 at 2014-04-10 16:38:30 -0600


Started GET "/assets/turbolinks.js?body=1" for 127.0.0.1 at 2014-04-10 16:38:30 -0600


Started GET "/assets/jquery_ujs.js?body=1" for 127.0.0.1 at 2014-04-10 16:38:30 -0600


Started GET "/assets/static_pages.js?body=1" for 127.0.0.1 at 2014-04-10 16:38:30 -0600


Started GET "/assets/application.js?body=1" for 127.0.0.1 at 2014-04-10 16:38:30 -0600


Started GET "/assets/gps.gif" for 127.0.0.1 at 2014-04-10 16:38:30 -0600


Started GET "/static_pages/home" for 127.0.0.1 at 2014-04-10 16:38:36 -0600
Processing by StaticPagesController#home as HTML
  Rendered static_pages/home.html.erb within layouts/application (0.3ms)
Completed 200 OK in 6ms (Views: 5.6ms | ActiveRecord: 0.0ms)


Started GET "/assets/application.css?body=1" for 127.0.0.1 at 2014-04-10 16:38:36 -0600


Started GET "/assets/custom.css?body=1" for 127.0.0.1 at 2014-04-10 16:38:36 -0600


Started GET "/assets/jquery_ujs.js?body=1" for 127.0.0.1 at 2014-04-10 16:38:36 -0600


Started GET "/assets/static_pages.css?body=1" for 127.0.0.1 at 2014-04-10 16:38:36 -0600


Started GET "/assets/jquery.js?body=1" for 127.0.0.1 at 2014-04-10 16:38:36 -0600


Started GET "/assets/static_pages.js?body=1" for 127.0.0.1 at 2014-04-10 16:38:36 -0600


Started GET "/assets/turbolinks.js?body=1" for 127.0.0.1 at 2014-04-10 16:38:36 -0600


Started GET "/assets/application.js?body=1" for 127.0.0.1 at 2014-04-10 16:38:36 -0600


Started GET "/assets/gps.gif" for 127.0.0.1 at 2014-04-10 16:38:36 -0600


Started GET "/static_pages/home" for 127.0.0.1 at 2014-04-10 16:49:58 -0600
Processing by StaticPagesController#home as HTML
  Rendered static_pages/home.html.erb within layouts/application (2.8ms)
Warning. Error encountered while saving cache 71a9294a368826e451d4d7332cc6d6bc89be7127/custom.css.scssc: can't dump anonymous class #<Class:0x0000000422f890>

Warning. Error encountered while saving cache cb53b898f797956e149916faf714739b3d99aca7/bootstrap.scssc: can't dump anonymous class #<Class:0x0000000422f890>

Warning. Error encountered while saving cache 000678e3725164a3a9ea09ef044617a30516c21f/bootstrap.scssc: can't dump anonymous class #<Class:0x0000000422f890>

Warning. Error encountered while saving cache 000678e3725164a3a9ea09ef044617a30516c21f/_variables.scssc: can't dump anonymous class #<Class:0x0000000422f890>

Warning. Error encountered while saving cache 000678e3725164a3a9ea09ef044617a30516c21f/_mixins.scssc: can't dump anonymous class #<Class:0x0000000422f890>

Warning. Error encountered while saving cache 000678e3725164a3a9ea09ef044617a30516c21f/_reset.scssc: can't dump anonymous class #<Class:0x0000000422f890>

Warning. Error encountered while saving cache 000678e3725164a3a9ea09ef044617a30516c21f/_scaffolding.scssc: can't dump anonymous class #<Class:0x0000000422f890>

Warning. Error encountered while saving cache 000678e3725164a3a9ea09ef044617a30516c21f/_grid.scssc: can't dump anonymous class #<Class:0x0000000422f890>

Warning. Error encountered while saving cache 000678e3725164a3a9ea09ef044617a30516c21f/_layouts.scssc: can't dump anonymous class #<Class:0x0000000422f890>

Warning. Error encountered while saving cache 000678e3725164a3a9ea09ef044617a30516c21f/_type.scssc: can't dump anonymous class #<Class:0x0000000422f890>

Warning. Error encountered while saving cache 000678e3725164a3a9ea09ef044617a30516c21f/_code.scssc: can't dump anonymous class #<Class:0x0000000422f890>

Warning. Error encountered while saving cache 000678e3725164a3a9ea09ef044617a30516c21f/_forms.scssc: can't dump anonymous class #<Class:0x0000000422f890>

Warning. Error encountered while saving cache 000678e3725164a3a9ea09ef044617a30516c21f/_tables.scssc: can't dump anonymous class #<Class:0x0000000422f890>

Warning. Error encountered while saving cache 000678e3725164a3a9ea09ef044617a30516c21f/_sprites.scssc: can't dump anonymous class #<Class:0x0000000422f890>

Warning. Error encountered while saving cache 000678e3725164a3a9ea09ef044617a30516c21f/_dropdowns.scssc: can't dump anonymous class #<Class:0x0000000422f890>

Warning. Error encountered while saving cache 000678e3725164a3a9ea09ef044617a30516c21f/_wells.scssc: can't dump anonymous class #<Class:0x0000000422f890>

Warning. Error encountered while saving cache 000678e3725164a3a9ea09ef044617a30516c21f/_component-animations.scssc: can't dump anonymous class #<Class:0x0000000422f890>

Warning. Error encountered while saving cache 000678e3725164a3a9ea09ef044617a30516c21f/_close.scssc: can't dump anonymous class #<Class:0x0000000422f890>

Warning. Error encountered while saving cache 000678e3725164a3a9ea09ef044617a30516c21f/_buttons.scssc: can't dump anonymous class #<Class:0x0000000422f890>

Warning. Error encountered while saving cache 000678e3725164a3a9ea09ef044617a30516c21f/_button-groups.scssc: can't dump anonymous class #<Class:0x0000000422f890>

Warning. Error encountered while saving cache 000678e3725164a3a9ea09ef044617a30516c21f/_alerts.scssc: can't dump anonymous class #<Class:0x0000000422f890>

Warning. Error encountered while saving cache 000678e3725164a3a9ea09ef044617a30516c21f/_navs.scssc: can't dump anonymous class #<Class:0x0000000422f890>

Warning. Error encountered while saving cache 000678e3725164a3a9ea09ef044617a30516c21f/_navbar.scssc: can't dump anonymous class #<Class:0x0000000422f890>

Warning. Error encountered while saving cache 000678e3725164a3a9ea09ef044617a30516c21f/_breadcrumbs.scssc: can't dump anonymous class #<Class:0x0000000422f890>

Warning. Error encountered while saving cache 000678e3725164a3a9ea09ef044617a30516c21f/_pagination.scssc: can't dump anonymous class #<Class:0x0000000422f890>

Warning. Error encountered while saving cache 000678e3725164a3a9ea09ef044617a30516c21f/_pager.scssc: can't dump anonymous class #<Class:0x0000000422f890>

Warning. Error encountered while saving cache 000678e3725164a3a9ea09ef044617a30516c21f/_modals.scssc: can't dump anonymous class #<Class:0x0000000422f890>

Warning. Error encountered while saving cache 000678e3725164a3a9ea09ef044617a30516c21f/_tooltip.scssc: can't dump anonymous class #<Class:0x0000000422f890>

Warning. Error encountered while saving cache 000678e3725164a3a9ea09ef044617a30516c21f/_popovers.scssc: can't dump anonymous class #<Class:0x0000000422f890>

Warning. Error encountered while saving cache 000678e3725164a3a9ea09ef044617a30516c21f/_thumbnails.scssc: can't dump anonymous class #<Class:0x0000000422f890>

Warning. Error encountered while saving cache 000678e3725164a3a9ea09ef044617a30516c21f/_media.scssc: can't dump anonymous class #<Class:0x0000000422f890>

Warning. Error encountered while saving cache 000678e3725164a3a9ea09ef044617a30516c21f/_labels-badges.scssc: can't dump anonymous class #<Class:0x0000000422f890>

Warning. Error encountered while saving cache 000678e3725164a3a9ea09ef044617a30516c21f/_progress-bars.scssc: can't dump anonymous class #<Class:0x0000000422f890>

Warning. Error encountered while saving cache 000678e3725164a3a9ea09ef044617a30516c21f/_accordion.scssc: can't dump anonymous class #<Class:0x0000000422f890>

Warning. Error encountered while saving cache 000678e3725164a3a9ea09ef044617a30516c21f/_carousel.scssc: can't dump anonymous class #<Class:0x0000000422f890>

Warning. Error encountered while saving cache 000678e3725164a3a9ea09ef044617a30516c21f/_hero-unit.scssc: can't dump anonymous class #<Class:0x0000000422f890>

Warning. Error encountered while saving cache 000678e3725164a3a9ea09ef044617a30516c21f/_utilities.scssc: can't dump anonymous class #<Class:0x0000000422f890>

  Rendered layouts/_shim.html.erb (0.7ms)
  Rendered layouts/_header.html.erb (4.6ms)
Completed 200 OK in 3012ms (Views: 3010.8ms | ActiveRecord: 0.0ms)


Started GET "/assets/application.css?body=1" for 127.0.0.1 at 2014-04-10 16:50:01 -0600


Started GET "/assets/custom.css?body=1" for 127.0.0.1 at 2014-04-10 16:50:01 -0600


Started GET "/assets/jquery.js?body=1" for 127.0.0.1 at 2014-04-10 16:50:01 -0600


Started GET "/assets/jquery_ujs.js?body=1" for 127.0.0.1 at 2014-04-10 16:50:01 -0600


Started GET "/assets/turbolinks.js?body=1" for 127.0.0.1 at 2014-04-10 16:50:01 -0600


Started GET "/assets/static_pages.css?body=1" for 127.0.0.1 at 2014-04-10 16:50:01 -0600


Started GET "/assets/static_pages.js?body=1" for 127.0.0.1 at 2014-04-10 16:50:01 -0600


Started GET "/assets/application.js?body=1" for 127.0.0.1 at 2014-04-10 16:50:01 -0600


Started GET "/assets/gps.gif" for 127.0.0.1 at 2014-04-10 16:50:01 -0600


Started GET "/static_pages/home" for 127.0.0.1 at 2014-04-10 16:51:28 -0600
Processing by StaticPagesController#home as HTML
  Rendered static_pages/home.html.erb within layouts/application (0.6ms)
  Rendered layouts/_shim.html.erb (0.1ms)
  Rendered layouts/_header.html.erb (0.2ms)
Completed 200 OK in 8ms (Views: 7.9ms | ActiveRecord: 0.0ms)


Started GET "/assets/application.css?body=1" for 127.0.0.1 at 2014-04-10 16:51:29 -0600


Started GET "/assets/jquery_ujs.js?body=1" for 127.0.0.1 at 2014-04-10 16:51:29 -0600


Started GET "/assets/custom.css?body=1" for 127.0.0.1 at 2014-04-10 16:51:29 -0600


Started GET "/assets/static_pages.css?body=1" for 127.0.0.1 at 2014-04-10 16:51:29 -0600


Started GET "/assets/jquery.js?body=1" for 127.0.0.1 at 2014-04-10 16:51:29 -0600


Started GET "/assets/turbolinks.js?body=1" for 127.0.0.1 at 2014-04-10 16:51:29 -0600


Started GET "/assets/static_pages.js?body=1" for 127.0.0.1 at 2014-04-10 16:51:29 -0600


Started GET "/assets/application.js?body=1" for 127.0.0.1 at 2014-04-10 16:51:29 -0600


Started GET "/assets/gps.gif" for 127.0.0.1 at 2014-04-10 16:51:29 -0600


Started GET "/static_pages/home" for 127.0.0.1 at 2014-04-10 16:51:40 -0600
Processing by StaticPagesController#home as HTML
  Rendered static_pages/home.html.erb within layouts/application (0.4ms)
  Rendered layouts/_shim.html.erb (0.1ms)
  Rendered layouts/_header.html.erb (0.2ms)
  Rendered layouts/_footer.html.erb (1.5ms)
Completed 200 OK in 17ms (Views: 16.2ms | ActiveRecord: 0.0ms)


Started GET "/assets/application.css?body=1" for 127.0.0.1 at 2014-04-10 16:51:40 -0600


Started GET "/assets/jquery.js?body=1" for 127.0.0.1 at 2014-04-10 16:51:40 -0600


Started GET "/assets/jquery_ujs.js?body=1" for 127.0.0.1 at 2014-04-10 16:51:40 -0600


Started GET "/assets/static_pages.css?body=1" for 127.0.0.1 at 2014-04-10 16:51:40 -0600


Started GET "/assets/turbolinks.js?body=1" for 127.0.0.1 at 2014-04-10 16:51:40 -0600


Started GET "/assets/custom.css?body=1" for 127.0.0.1 at 2014-04-10 16:51:40 -0600


Started GET "/assets/static_pages.js?body=1" for 127.0.0.1 at 2014-04-10 16:51:40 -0600


Started GET "/assets/application.js?body=1" for 127.0.0.1 at 2014-04-10 16:51:40 -0600


Started GET "/assets/gps.gif" for 127.0.0.1 at 2014-04-10 16:51:40 -0600


Started GET "/static_pages/home" for 127.0.0.1 at 2014-04-10 16:57:06 -0600
Processing by StaticPagesController#home as HTML
  Rendered static_pages/home.html.erb within layouts/application (1.5ms)
  Rendered layouts/_shim.html.erb (0.1ms)
  Rendered layouts/_header.html.erb (0.2ms)
  Rendered layouts/_footer.html.erb (0.2ms)
Completed 200 OK in 14ms (Views: 13.4ms | ActiveRecord: 0.0ms)


Started GET "/assets/application.css?body=1" for 127.0.0.1 at 2014-04-10 16:57:06 -0600


Started GET "/assets/custom.css?body=1" for 127.0.0.1 at 2014-04-10 16:57:06 -0600


Started GET "/assets/static_pages.css?body=1" for 127.0.0.1 at 2014-04-10 16:57:06 -0600


Started GET "/assets/jquery.js?body=1" for 127.0.0.1 at 2014-04-10 16:57:06 -0600


Started GET "/assets/turbolinks.js?body=1" for 127.0.0.1 at 2014-04-10 16:57:06 -0600


Started GET "/assets/jquery_ujs.js?body=1" for 127.0.0.1 at 2014-04-10 16:57:06 -0600


Started GET "/assets/application.js?body=1" for 127.0.0.1 at 2014-04-10 16:57:06 -0600


Started GET "/assets/static_pages.js?body=1" for 127.0.0.1 at 2014-04-10 16:57:06 -0600


Started GET "/assets/gps.gif" for 127.0.0.1 at 2014-04-10 16:57:06 -0600


Started GET "/static_pages/home" for 127.0.0.1 at 2014-04-11 17:04:29 -0600
Processing by StaticPagesController#home as HTML
  Rendered static_pages/home.html.erb within layouts/application (0.8ms)
  Rendered layouts/_shim.html.erb (0.1ms)
  Rendered layouts/_header.html.erb (0.4ms)
  Rendered layouts/_footer.html.erb (0.2ms)
Completed 200 OK in 40ms (Views: 39.4ms | ActiveRecord: 0.0ms)


Started GET "/assets/jquery_ujs.js?body=1" for 127.0.0.1 at 2014-04-11 17:04:29 -0600


Started GET "/assets/application.css?body=1" for 127.0.0.1 at 2014-04-11 17:04:29 -0600


Started GET "/assets/static_pages.css?body=1" for 127.0.0.1 at 2014-04-11 17:04:29 -0600


Started GET "/assets/jquery.js?body=1" for 127.0.0.1 at 2014-04-11 17:04:29 -0600


Started GET "/assets/custom.css?body=1" for 127.0.0.1 at 2014-04-11 17:04:29 -0600


Started GET "/assets/turbolinks.js?body=1" for 127.0.0.1 at 2014-04-11 17:04:29 -0600


Started GET "/assets/static_pages.js?body=1" for 127.0.0.1 at 2014-04-11 17:04:29 -0600


Started GET "/assets/application.js?body=1" for 127.0.0.1 at 2014-04-11 17:04:29 -0600


Started GET "/assets/gps.gif" for 127.0.0.1 at 2014-04-11 17:04:29 -0600


Started GET "/static_pages/home" for 127.0.0.1 at 2014-04-11 17:04:43 -0600
Processing by StaticPagesController#home as HTML
  Rendered static_pages/home.html.erb within layouts/application (4.7ms)
  Rendered layouts/_shim.html.erb (1.0ms)
  Rendered layouts/_header.html.erb (2.4ms)
  Rendered layouts/_footer.html.erb (3.4ms)
Completed 200 OK in 44ms (Views: 43.6ms | ActiveRecord: 0.0ms)


Started GET "/static_pages/contact" for 127.0.0.1 at 2014-04-11 17:21:36 -0600
Processing by StaticPagesController#contact as HTML
  Rendered static_pages/contact.html.erb within layouts/application (15.8ms)
  Rendered layouts/_shim.html.erb (0.3ms)
  Rendered layouts/_header.html.erb (1.1ms)
  Rendered layouts/_footer.html.erb (0.5ms)
Completed 200 OK in 165ms (Views: 160.1ms | ActiveRecord: 0.0ms)


Started GET "/assets/application.css?body=1" for 127.0.0.1 at 2014-04-11 17:21:37 -0600


Started GET "/assets/custom.css?body=1" for 127.0.0.1 at 2014-04-11 17:21:37 -0600


Started GET "/assets/static_pages.css?body=1" for 127.0.0.1 at 2014-04-11 17:21:37 -0600


Started GET "/assets/jquery.js?body=1" for 127.0.0.1 at 2014-04-11 17:21:37 -0600


Started GET "/assets/static_pages.js?body=1" for 127.0.0.1 at 2014-04-11 17:21:37 -0600


Started GET "/assets/jquery_ujs.js?body=1" for 127.0.0.1 at 2014-04-11 17:21:37 -0600


Started GET "/assets/turbolinks.js?body=1" for 127.0.0.1 at 2014-04-11 17:21:37 -0600


Started GET "/assets/application.js?body=1" for 127.0.0.1 at 2014-04-11 17:21:37 -0600


Started GET "/static_pages/contact" for 127.0.0.1 at 2014-04-11 17:22:06 -0600
Processing by StaticPagesController#contact as HTML
  Rendered static_pages/contact.html.erb within layouts/application (1.0ms)
  Rendered layouts/_shim.html.erb (0.1ms)
  Rendered layouts/_header.html.erb (0.3ms)
  Rendered layouts/_footer.html.erb (0.2ms)
Completed 200 OK in 18ms (Views: 17.3ms | ActiveRecord: 0.0ms)


Started GET "/assets/custom.css?body=1" for 127.0.0.1 at 2014-04-11 17:22:06 -0600


Started GET "/assets/jquery.js?body=1" for 127.0.0.1 at 2014-04-11 17:22:06 -0600


Started GET "/assets/static_pages.css?body=1" for 127.0.0.1 at 2014-04-11 17:22:06 -0600


Started GET "/assets/application.css?body=1" for 127.0.0.1 at 2014-04-11 17:22:06 -0600


Started GET "/assets/turbolinks.js?body=1" for 127.0.0.1 at 2014-04-11 17:22:06 -0600


Started GET "/assets/jquery_ujs.js?body=1" for 127.0.0.1 at 2014-04-11 17:22:06 -0600


Started GET "/assets/static_pages.js?body=1" for 127.0.0.1 at 2014-04-11 17:22:06 -0600


Started GET "/assets/application.js?body=1" for 127.0.0.1 at 2014-04-11 17:22:06 -0600


Started GET "/" for 127.0.0.1 at 2014-04-11 17:39:50 -0600
Processing by StaticPagesController#home as HTML
  Rendered static_pages/home.html.erb within layouts/application (3.1ms)
  Rendered layouts/_shim.html.erb (0.9ms)
  Rendered layouts/_header.html.erb (4.1ms)
  Rendered layouts/_footer.html.erb (0.5ms)
Completed 200 OK in 125ms (Views: 123.9ms | ActiveRecord: 0.0ms)


Started GET "/assets/jquery.js?body=1" for 127.0.0.1 at 2014-04-11 17:39:50 -0600


Started GET "/assets/application.css?body=1" for 127.0.0.1 at 2014-04-11 17:39:50 -0600


Started GET "/assets/custom.css?body=1" for 127.0.0.1 at 2014-04-11 17:39:50 -0600


Started GET "/assets/application.js?body=1" for 127.0.0.1 at 2014-04-11 17:39:50 -0600


Started GET "/assets/turbolinks.js?body=1" for 127.0.0.1 at 2014-04-11 17:39:50 -0600


Started GET "/assets/static_pages.css?body=1" for 127.0.0.1 at 2014-04-11 17:39:50 -0600


Started GET "/assets/jquery_ujs.js?body=1" for 127.0.0.1 at 2014-04-11 17:39:50 -0600


Started GET "/assets/static_pages.js?body=1" for 127.0.0.1 at 2014-04-11 17:39:50 -0600


Started GET "/assets/gps.gif" for 127.0.0.1 at 2014-04-11 17:39:51 -0600


Started GET "/help" for 127.0.0.1 at 2014-04-11 17:39:55 -0600
Processing by StaticPagesController#help as HTML
  Rendered static_pages/help.html.erb within layouts/application (1.0ms)
  Rendered layouts/_shim.html.erb (0.9ms)
  Rendered layouts/_header.html.erb (9.7ms)
  Rendered layouts/_footer.html.erb (2.1ms)
Completed 200 OK in 116ms (Views: 115.2ms | ActiveRecord: 0.0ms)


Started GET "/about" for 127.0.0.1 at 2014-04-11 17:40:24 -0600
Processing by StaticPagesController#about as HTML
  Rendered static_pages/about.html.erb within layouts/application (0.6ms)
  Rendered layouts/_shim.html.erb (0.1ms)
  Rendered layouts/_header.html.erb (0.8ms)
  Rendered layouts/_footer.html.erb (0.3ms)
Completed 200 OK in 18ms (Views: 17.3ms | ActiveRecord: 0.0ms)


Started GET "/contact" for 127.0.0.1 at 2014-04-11 17:40:27 -0600
Processing by StaticPagesController#contact as HTML
  Rendered static_pages/contact.html.erb within layouts/application (3.7ms)
  Rendered layouts/_shim.html.erb (0.2ms)
  Rendered layouts/_header.html.erb (2.3ms)
  Rendered layouts/_footer.html.erb (0.7ms)
Completed 200 OK in 61ms (Views: 60.6ms | ActiveRecord: 0.0ms)


Started GET "/" for 127.0.0.1 at 2014-04-11 17:40:37 -0600
Processing by StaticPagesController#home as HTML
  Rendered static_pages/home.html.erb within layouts/application (3.1ms)
  Rendered layouts/_shim.html.erb (0.3ms)
  Rendered layouts/_header.html.erb (4.1ms)
  Rendered layouts/_footer.html.erb (0.7ms)
Completed 200 OK in 55ms (Views: 46.2ms | ActiveRecord: 0.0ms)


Started GET "/help" for 127.0.0.1 at 2014-04-11 17:40:40 -0600
Processing by StaticPagesController#help as HTML
  Rendered static_pages/help.html.erb within layouts/application (0.2ms)
  Rendered layouts/_shim.html.erb (0.2ms)
  Rendered layouts/_header.html.erb (0.5ms)
  Rendered layouts/_footer.html.erb (0.4ms)
Completed 200 OK in 59ms (Views: 51.4ms | ActiveRecord: 0.0ms)


Started GET "/" for 127.0.0.1 at 2014-04-11 17:40:41 -0600
Processing by StaticPagesController#home as HTML
  Rendered static_pages/home.html.erb within layouts/application (0.9ms)
  Rendered layouts/_shim.html.erb (0.1ms)
  Rendered layouts/_header.html.erb (1.0ms)
  Rendered layouts/_footer.html.erb (0.3ms)
Completed 200 OK in 52ms (Views: 51.0ms | ActiveRecord: 0.0ms)


Started GET "/" for 127.0.0.1 at 2014-04-11 17:42:32 -0600
Processing by StaticPagesController#home as HTML
  Rendered static_pages/home.html.erb within layouts/application (0.8ms)
  Rendered layouts/_shim.html.erb (0.1ms)
  Rendered layouts/_header.html.erb (5.3ms)
  Rendered layouts/_footer.html.erb (0.4ms)
Completed 200 OK in 27ms (Views: 26.2ms | ActiveRecord: 0.0ms)


Started GET "/assets/application.css?body=1" for 127.0.0.1 at 2014-04-11 17:42:32 -0600


Started GET "/assets/static_pages.js?body=1" for 127.0.0.1 at 2014-04-11 17:42:32 -0600


Started GET "/assets/custom.css?body=1" for 127.0.0.1 at 2014-04-11 17:42:32 -0600


Started GET "/assets/static_pages.css?body=1" for 127.0.0.1 at 2014-04-11 17:42:32 -0600


Started GET "/assets/jquery.js?body=1" for 127.0.0.1 at 2014-04-11 17:42:32 -0600


Started GET "/assets/jquery_ujs.js?body=1" for 127.0.0.1 at 2014-04-11 17:42:32 -0600


Started GET "/assets/turbolinks.js?body=1" for 127.0.0.1 at 2014-04-11 17:42:32 -0600


Started GET "/assets/application.js?body=1" for 127.0.0.1 at 2014-04-11 17:42:32 -0600


Started GET "/assets/gps.gif" for 127.0.0.1 at 2014-04-11 17:42:32 -0600


Started GET "/" for 127.0.0.1 at 2014-04-11 17:42:52 -0600
Processing by StaticPagesController#home as HTML
  Rendered static_pages/home.html.erb within layouts/application (1.0ms)
  Rendered layouts/_shim.html.erb (0.2ms)
  Rendered layouts/_header.html.erb (2.5ms)
  Rendered layouts/_footer.html.erb (0.5ms)
Completed 200 OK in 40ms (Views: 38.1ms | ActiveRecord: 0.0ms)


Started GET "/assets/application.css?body=1" for 127.0.0.1 at 2014-04-11 17:42:52 -0600


Started GET "/assets/custom.css?body=1" for 127.0.0.1 at 2014-04-11 17:42:52 -0600


Started GET "/assets/static_pages.css?body=1" for 127.0.0.1 at 2014-04-11 17:42:52 -0600


Started GET "/assets/jquery.js?body=1" for 127.0.0.1 at 2014-04-11 17:42:52 -0600


Started GET "/assets/jquery_ujs.js?body=1" for 127.0.0.1 at 2014-04-11 17:42:52 -0600


Started GET "/assets/turbolinks.js?body=1" for 127.0.0.1 at 2014-04-11 17:42:52 -0600


Started GET "/assets/static_pages.js?body=1" for 127.0.0.1 at 2014-04-11 17:42:52 -0600


Started GET "/assets/application.js?body=1" for 127.0.0.1 at 2014-04-11 17:42:52 -0600


Started GET "/assets/gps.gif" for 127.0.0.1 at 2014-04-11 17:42:52 -0600


Started GET "/" for 127.0.0.1 at 2014-04-11 17:43:10 -0600
Processing by StaticPagesController#home as HTML
  Rendered static_pages/home.html.erb within layouts/application (1.2ms)
  Rendered layouts/_shim.html.erb (0.2ms)
  Rendered layouts/_header.html.erb (2.8ms)
  Rendered layouts/_footer.html.erb (0.6ms)
Completed 200 OK in 33ms (Views: 31.6ms | ActiveRecord: 0.0ms)


Started GET "/assets/custom.css?body=1" for 127.0.0.1 at 2014-04-11 17:43:10 -0600


Started GET "/assets/jquery.js?body=1" for 127.0.0.1 at 2014-04-11 17:43:10 -0600


Started GET "/assets/application.css?body=1" for 127.0.0.1 at 2014-04-11 17:43:11 -0600


Started GET "/assets/static_pages.css?body=1" for 127.0.0.1 at 2014-04-11 17:43:11 -0600


Started GET "/assets/turbolinks.js?body=1" for 127.0.0.1 at 2014-04-11 17:43:11 -0600


Started GET "/assets/jquery_ujs.js?body=1" for 127.0.0.1 at 2014-04-11 17:43:11 -0600


Started GET "/assets/static_pages.js?body=1" for 127.0.0.1 at 2014-04-11 17:43:11 -0600


Started GET "/assets/application.js?body=1" for 127.0.0.1 at 2014-04-11 17:43:11 -0600


Started GET "/assets/gps.gif" for 127.0.0.1 at 2014-04-11 17:43:12 -0600


Started GET "/" for 127.0.0.1 at 2014-04-11 17:55:38 -0600
Processing by StaticPagesController#home as HTML
  Rendered static_pages/home.html.erb within layouts/application (1.7ms)
  Rendered layouts/_shim.html.erb (0.4ms)
  Rendered layouts/_header.html.erb (4.8ms)
  Rendered layouts/_footer.html.erb (0.9ms)
Completed 200 OK in 113ms (Views: 111.6ms | ActiveRecord: 0.0ms)


Started GET "/assets/application.css?body=1" for 127.0.0.1 at 2014-04-11 17:55:38 -0600


Started GET "/assets/static_pages.css?body=1" for 127.0.0.1 at 2014-04-11 17:55:38 -0600


Started GET "/assets/custom.css?body=1" for 127.0.0.1 at 2014-04-11 17:55:38 -0600


Started GET "/assets/static_pages.js?body=1" for 127.0.0.1 at 2014-04-11 17:55:38 -0600


Started GET "/assets/jquery.js?body=1" for 127.0.0.1 at 2014-04-11 17:55:38 -0600


Started GET "/assets/jquery_ujs.js?body=1" for 127.0.0.1 at 2014-04-11 17:55:38 -0600


Started GET "/assets/application.js?body=1" for 127.0.0.1 at 2014-04-11 17:55:38 -0600


Started GET "/assets/turbolinks.js?body=1" for 127.0.0.1 at 2014-04-11 17:55:38 -0600


Started GET "/assets/gps.gif" for 127.0.0.1 at 2014-04-11 17:55:38 -0600


Started GET "/" for 127.0.0.1 at 2014-04-11 17:55:45 -0600
Processing by StaticPagesController#home as HTML
  Rendered static_pages/home.html.erb within layouts/application (0.4ms)
  Rendered layouts/_shim.html.erb (0.1ms)
  Rendered layouts/_header.html.erb (1.3ms)
  Rendered layouts/_footer.html.erb (0.4ms)
Completed 200 OK in 48ms (Views: 46.7ms | ActiveRecord: 0.0ms)


Started GET "/assets/static_pages.css?body=1" for 127.0.0.1 at 2014-04-11 17:55:45 -0600


Started GET "/assets/custom.css?body=1" for 127.0.0.1 at 2014-04-11 17:55:45 -0600


Started GET "/assets/jquery_ujs.js?body=1" for 127.0.0.1 at 2014-04-11 17:55:45 -0600


Started GET "/assets/jquery.js?body=1" for 127.0.0.1 at 2014-04-11 17:55:45 -0600


Started GET "/assets/static_pages.js?body=1" for 127.0.0.1 at 2014-04-11 17:55:45 -0600


Started GET "/assets/application.js?body=1" for 127.0.0.1 at 2014-04-11 17:55:45 -0600


Started GET "/assets/application.css?body=1" for 127.0.0.1 at 2014-04-11 17:55:45 -0600


Started GET "/assets/turbolinks.js?body=1" for 127.0.0.1 at 2014-04-11 17:55:45 -0600


Started GET "/assets/gps.gif" for 127.0.0.1 at 2014-04-11 17:55:45 -0600


Started GET "/" for 127.0.0.1 at 2014-04-11 17:56:00 -0600
Processing by StaticPagesController#home as HTML
  Rendered static_pages/home.html.erb within layouts/application (3.5ms)
  Rendered layouts/_shim.html.erb (0.5ms)
  Rendered layouts/_header.html.erb (7.8ms)
  Rendered layouts/_footer.html.erb (0.8ms)
Completed 200 OK in 26ms (Views: 25.0ms | ActiveRecord: 0.0ms)


Started GET "/" for 127.0.0.1 at 2014-04-11 17:56:04 -0600
Processing by StaticPagesController#home as HTML
  Rendered static_pages/home.html.erb within layouts/application (0.4ms)
  Rendered layouts/_shim.html.erb (0.1ms)
  Rendered layouts/_header.html.erb (3.1ms)
  Rendered layouts/_footer.html.erb (0.5ms)
Completed 200 OK in 19ms (Views: 18.4ms | ActiveRecord: 0.0ms)


Started GET "/help" for 127.0.0.1 at 2014-04-11 17:56:09 -0600
Processing by StaticPagesController#help as HTML
  Rendered static_pages/help.html.erb within layouts/application (0.9ms)
  Rendered layouts/_shim.html.erb (0.2ms)
  Rendered layouts/_header.html.erb (1.1ms)
  Rendered layouts/_footer.html.erb (0.5ms)
Completed 200 OK in 40ms (Views: 39.1ms | ActiveRecord: 0.0ms)


Started GET "/about" for 127.0.0.1 at 2014-04-11 17:56:13 -0600
Processing by StaticPagesController#about as HTML
  Rendered static_pages/about.html.erb within layouts/application (6.0ms)
  Rendered layouts/_shim.html.erb (0.1ms)
  Rendered layouts/_header.html.erb (1.9ms)
  Rendered layouts/_footer.html.erb (1.0ms)
Completed 200 OK in 71ms (Views: 69.8ms | ActiveRecord: 0.0ms)


Started GET "/about" for 127.0.0.1 at 2014-04-11 18:01:26 -0600
Processing by StaticPagesController#about as HTML
  Rendered static_pages/about.html.erb within layouts/application (2.0ms)
  Rendered layouts/_shim.html.erb (0.8ms)
  Rendered layouts/_header.html.erb (4.6ms)
  Rendered layouts/_footer.html.erb (1.6ms)
Completed 200 OK in 217ms (Views: 211.7ms | ActiveRecord: 0.0ms)


Started GET "/assets/application.css?body=1" for 127.0.0.1 at 2014-04-11 18:01:27 -0600


Started GET "/assets/custom.css?body=1" for 127.0.0.1 at 2014-04-11 18:01:27 -0600


Started GET "/assets/jquery_ujs.js?body=1" for 127.0.0.1 at 2014-04-11 18:01:27 -0600


Started GET "/assets/turbolinks.js?body=1" for 127.0.0.1 at 2014-04-11 18:01:27 -0600


Started GET "/assets/static_pages.css?body=1" for 127.0.0.1 at 2014-04-11 18:01:27 -0600


Started GET "/assets/jquery.js?body=1" for 127.0.0.1 at 2014-04-11 18:01:27 -0600


Started GET "/assets/static_pages.js?body=1" for 127.0.0.1 at 2014-04-11 18:01:27 -0600


Started GET "/assets/application.js?body=1" for 127.0.0.1 at 2014-04-11 18:01:27 -0600


Started GET "/assets/gps.gif" for 127.0.0.1 at 2014-04-11 18:01:27 -0600


Started GET "/contact" for 127.0.0.1 at 2014-04-11 18:01:35 -0600
Processing by StaticPagesController#contact as HTML
  Rendered static_pages/contact.html.erb within layouts/application (0.8ms)
  Rendered layouts/_shim.html.erb (0.7ms)
  Rendered layouts/_header.html.erb (3.1ms)
  Rendered layouts/_footer.html.erb (3.9ms)
Completed 200 OK in 29ms (Views: 28.4ms | ActiveRecord: 0.0ms)


Started GET "/contact" for 127.0.0.1 at 2014-04-11 18:02:42 -0600
Processing by StaticPagesController#contact as HTML
  Rendered static_pages/contact.html.erb within layouts/application (1.1ms)
  Rendered layouts/_shim.html.erb (0.1ms)
  Rendered layouts/_header.html.erb (1.3ms)
  Rendered layouts/_footer.html.erb (0.4ms)
Completed 200 OK in 21ms (Views: 20.3ms | ActiveRecord: 0.0ms)


Started GET "/assets/application.css?body=1" for 127.0.0.1 at 2014-04-11 18:02:42 -0600


Started GET "/assets/custom.css?body=1" for 127.0.0.1 at 2014-04-11 18:02:42 -0600


Started GET "/assets/static_pages.js?body=1" for 127.0.0.1 at 2014-04-11 18:02:42 -0600


Started GET "/assets/static_pages.css?body=1" for 127.0.0.1 at 2014-04-11 18:02:42 -0600


Started GET "/assets/application.js?body=1" for 127.0.0.1 at 2014-04-11 18:02:42 -0600


Started GET "/assets/jquery_ujs.js?body=1" for 127.0.0.1 at 2014-04-11 18:02:42 -0600


Started GET "/assets/turbolinks.js?body=1" for 127.0.0.1 at 2014-04-11 18:02:42 -0600


Started GET "/assets/jquery.js?body=1" for 127.0.0.1 at 2014-04-11 18:02:42 -0600


Started GET "/assets/gps.gif" for 127.0.0.1 at 2014-04-11 18:02:42 -0600


Started GET "/" for 127.0.0.1 at 2014-04-11 18:02:47 -0600
Processing by StaticPagesController#home as HTML
  Rendered static_pages/home.html.erb within layouts/application (1.4ms)
  Rendered layouts/_shim.html.erb (0.1ms)
  Rendered layouts/_header.html.erb (3.7ms)
  Rendered layouts/_footer.html.erb (0.3ms)
Completed 200 OK in 76ms (Views: 75.2ms | ActiveRecord: 0.0ms)


Started GET "/help" for 127.0.0.1 at 2014-04-11 18:03:08 -0600
Processing by StaticPagesController#help as HTML
  Rendered static_pages/help.html.erb within layouts/application (6.5ms)
  Rendered layouts/_shim.html.erb (0.1ms)
  Rendered layouts/_header.html.erb (3.3ms)
  Rendered layouts/_footer.html.erb (1.1ms)
Completed 200 OK in 53ms (Views: 51.6ms | ActiveRecord: 0.0ms)


Started GET "/help" for 127.0.0.1 at 2014-04-11 18:03:25 -0600
Processing by StaticPagesController#help as HTML
  Rendered static_pages/help.html.erb within layouts/application (0.9ms)
  Rendered layouts/_shim.html.erb (0.2ms)
  Rendered layouts/_header.html.erb (1.1ms)
  Rendered layouts/_footer.html.erb (0.4ms)
Completed 200 OK in 17ms (Views: 16.5ms | ActiveRecord: 0.0ms)


Started GET "/assets/application.css?body=1" for 127.0.0.1 at 2014-04-11 18:03:25 -0600


Started GET "/assets/jquery.js?body=1" for 127.0.0.1 at 2014-04-11 18:03:26 -0600


Started GET "/assets/static_pages.css?body=1" for 127.0.0.1 at 2014-04-11 18:03:26 -0600


Started GET "/assets/static_pages.js?body=1" for 127.0.0.1 at 2014-04-11 18:03:26 -0600


Started GET "/assets/custom.css?body=1" for 127.0.0.1 at 2014-04-11 18:03:26 -0600


Started GET "/assets/jquery_ujs.js?body=1" for 127.0.0.1 at 2014-04-11 18:03:26 -0600


Started GET "/assets/turbolinks.js?body=1" for 127.0.0.1 at 2014-04-11 18:03:26 -0600


Started GET "/assets/application.js?body=1" for 127.0.0.1 at 2014-04-11 18:03:26 -0600


Started GET "/assets/gps.gif" for 127.0.0.1 at 2014-04-11 18:03:26 -0600


Started GET "/" for 127.0.0.1 at 2014-04-11 19:36:10 -0600
Processing by StaticPagesController#home as HTML
  Rendered static_pages/home.html.erb within layouts/application (1.6ms)
Warning. Error encountered while saving cache 71a9294a368826e451d4d7332cc6d6bc89be7127/users.css.scssc: can't dump anonymous class #<Class:0x00000004aaeb60>

  Rendered layouts/_shim.html.erb (0.8ms)
  Rendered layouts/_header.html.erb (2.4ms)
  Rendered layouts/_footer.html.erb (0.5ms)
Completed 200 OK in 242ms (Views: 241.5ms | ActiveRecord: 0.0ms)


Started GET "/" for 127.0.0.1 at 2014-04-11 19:36:11 -0600
Processing by StaticPagesController#home as HTML
  Rendered static_pages/home.html.erb within layouts/application (1.0ms)
  Rendered layouts/_shim.html.erb (0.6ms)
  Rendered layouts/_header.html.erb (1.3ms)
  Rendered layouts/_footer.html.erb (0.6ms)
Completed 200 OK in 16ms (Views: 15.7ms | ActiveRecord: 0.0ms)


Started GET "/assets/application.css?body=1" for 127.0.0.1 at 2014-04-11 19:36:11 -0600


Started GET "/assets/custom.css?body=1" for 127.0.0.1 at 2014-04-11 19:36:11 -0600


Started GET "/assets/static_pages.css?body=1" for 127.0.0.1 at 2014-04-11 19:36:11 -0600


Started GET "/assets/users.css?body=1" for 127.0.0.1 at 2014-04-11 19:36:11 -0600


Started GET "/assets/jquery_ujs.js?body=1" for 127.0.0.1 at 2014-04-11 19:36:11 -0600


Started GET "/assets/jquery.js?body=1" for 127.0.0.1 at 2014-04-11 19:36:11 -0600


Started GET "/assets/turbolinks.js?body=1" for 127.0.0.1 at 2014-04-11 19:36:11 -0600


Started GET "/assets/users.js?body=1" for 127.0.0.1 at 2014-04-11 19:36:11 -0600


Started GET "/assets/application.js?body=1" for 127.0.0.1 at 2014-04-11 19:36:11 -0600


Started GET "/assets/static_pages.js?body=1" for 127.0.0.1 at 2014-04-11 19:36:11 -0600


Started GET "/assets/gps.gif" for 127.0.0.1 at 2014-04-11 19:36:12 -0600


Started GET "/" for 127.0.0.1 at 2014-04-11 19:39:32 -0600
Processing by StaticPagesController#home as HTML
  Rendered static_pages/home.html.erb within layouts/application (1.1ms)
  Rendered layouts/_shim.html.erb (0.1ms)
  Rendered layouts/_header.html.erb (0.9ms)
  Rendered layouts/_footer.html.erb (0.7ms)
Completed 200 OK in 15ms (Views: 13.8ms | ActiveRecord: 0.0ms)


Started GET "/assets/custom.css?body=1" for 127.0.0.1 at 2014-04-11 19:39:33 -0600


Started GET "/assets/application.css?body=1" for 127.0.0.1 at 2014-04-11 19:39:33 -0600


Started GET "/assets/static_pages.css?body=1" for 127.0.0.1 at 2014-04-11 19:39:33 -0600


Started GET "/assets/jquery_ujs.js?body=1" for 127.0.0.1 at 2014-04-11 19:39:33 -0600


Started GET "/assets/users.css?body=1" for 127.0.0.1 at 2014-04-11 19:39:33 -0600


Started GET "/assets/static_pages.js?body=1" for 127.0.0.1 at 2014-04-11 19:39:33 -0600


Started GET "/assets/jquery.js?body=1" for 127.0.0.1 at 2014-04-11 19:39:33 -0600


Started GET "/assets/turbolinks.js?body=1" for 127.0.0.1 at 2014-04-11 19:39:33 -0600


Started GET "/assets/users.js?body=1" for 127.0.0.1 at 2014-04-11 19:39:33 -0600


Started GET "/assets/application.js?body=1" for 127.0.0.1 at 2014-04-11 19:39:33 -0600


Started GET "/assets/gps.gif" for 127.0.0.1 at 2014-04-11 19:39:33 -0600


Started GET "/about" for 127.0.0.1 at 2014-04-11 19:44:49 -0600
Processing by StaticPagesController#about as HTML
  Rendered static_pages/about.html.erb within layouts/application (0.9ms)
  Rendered layouts/_shim.html.erb (0.2ms)
  Rendered layouts/_header.html.erb (1.0ms)
  Rendered layouts/_footer.html.erb (0.3ms)
Completed 200 OK in 21ms (Views: 20.6ms | ActiveRecord: 0.0ms)


Started GET "/about" for 127.0.0.1 at 2014-04-11 19:50:42 -0600
Processing by StaticPagesController#about as HTML
  Rendered static_pages/about.html.erb within layouts/application (0.9ms)
  Rendered layouts/_shim.html.erb (0.1ms)
  Rendered layouts/_header.html.erb (0.5ms)
  Rendered layouts/_footer.html.erb (0.5ms)
Completed 200 OK in 13ms (Views: 12.1ms | ActiveRecord: 0.0ms)


Started GET "/assets/application.css?body=1" for 127.0.0.1 at 2014-04-11 19:50:42 -0600


Started GET "/assets/users.css?body=1" for 127.0.0.1 at 2014-04-11 19:50:42 -0600


Started GET "/assets/turbolinks.js?body=1" for 127.0.0.1 at 2014-04-11 19:50:42 -0600


Started GET "/assets/jquery.js?body=1" for 127.0.0.1 at 2014-04-11 19:50:42 -0600


Started GET "/assets/static_pages.css?body=1" for 127.0.0.1 at 2014-04-11 19:50:42 -0600


Started GET "/assets/static_pages.js?body=1" for 127.0.0.1 at 2014-04-11 19:50:42 -0600


Started GET "/assets/jquery_ujs.js?body=1" for 127.0.0.1 at 2014-04-11 19:50:42 -0600


Started GET "/assets/custom.css?body=1" for 127.0.0.1 at 2014-04-11 19:50:42 -0600


Started GET "/assets/users.js?body=1" for 127.0.0.1 at 2014-04-11 19:50:42 -0600


Started GET "/assets/application.js?body=1" for 127.0.0.1 at 2014-04-11 19:50:42 -0600


Started GET "/assets/gps.gif" for 127.0.0.1 at 2014-04-11 19:50:42 -0600


Started GET "/" for 127.0.0.1 at 2014-04-11 19:52:09 -0600
Processing by StaticPagesController#home as HTML
  Rendered static_pages/home.html.erb within layouts/application (1.2ms)
  Rendered layouts/_shim.html.erb (0.1ms)
  Rendered layouts/_header.html.erb (0.8ms)
  Rendered layouts/_footer.html.erb (0.8ms)
Completed 200 OK in 15ms (Views: 14.3ms | ActiveRecord: 0.0ms)


Started GET "/" for 127.0.0.1 at 2014-04-13 19:49:45 -0600
Processing by StaticPagesController#home as HTML
  Rendered static_pages/home.html.erb within layouts/application (4.5ms)
  Rendered layouts/_shim.html.erb (1.7ms)
  Rendered layouts/_header.html.erb (5.7ms)
  Rendered layouts/_footer.html.erb (1.0ms)
Completed 200 OK in 1433ms (Views: 1430.2ms | ActiveRecord: 0.0ms)


Started GET "/assets/custom.css?body=1" for 127.0.0.1 at 2014-04-13 19:49:47 -0600


Started GET "/assets/application.css?body=1" for 127.0.0.1 at 2014-04-13 19:49:47 -0600


Started GET "/assets/users.css?body=1" for 127.0.0.1 at 2014-04-13 19:49:47 -0600


Started GET "/assets/static_pages.css?body=1" for 127.0.0.1 at 2014-04-13 19:49:47 -0600


Started GET "/assets/turbolinks.js?body=1" for 127.0.0.1 at 2014-04-13 19:49:47 -0600


Started GET "/assets/jquery.js?body=1" for 127.0.0.1 at 2014-04-13 19:49:47 -0600


Started GET "/assets/jquery_ujs.js?body=1" for 127.0.0.1 at 2014-04-13 19:49:47 -0600


Started GET "/assets/users.js?body=1" for 127.0.0.1 at 2014-04-13 19:49:47 -0600


Started GET "/assets/static_pages.js?body=1" for 127.0.0.1 at 2014-04-13 19:49:47 -0600


Started GET "/assets/application.js?body=1" for 127.0.0.1 at 2014-04-13 19:49:47 -0600


Started GET "/assets/gps.gif" for 127.0.0.1 at 2014-04-13 19:49:47 -0600


Started GET "/" for 127.0.0.1 at 2014-04-13 19:57:25 -0600
Processing by StaticPagesController#home as HTML
  Rendered static_pages/home.html.erb within layouts/application (59.8ms)
Completed 500 Internal Server Error in 65ms

ActionView::Template::Error (undefined local variable or method `signup_path' for #<#<Class:0x0000000342c1d0>:0x0000000361e718>):
    10:     The site is under construction through the month of April. Please check back in May!
    11:   </h2>
    12: 
    13:   <%= link_to "Sign up now!", signup_path, class: "btn btn-large btn-primary" %>
    14: </div>
  app/views/static_pages/home.html.erb:13:in `_app_views_static_pages_home_html_erb__2182117085053833769_28369440'


  Rendered /home/dominic/.rvm/gems/ruby-2.1.0/gems/actionpack-4.0.2/lib/action_dispatch/middleware/templates/rescues/_trace.erb (2.9ms)
  Rendered /home/dominic/.rvm/gems/ruby-2.1.0/gems/actionpack-4.0.2/lib/action_dispatch/middleware/templates/rescues/_request_and_response.erb (2.7ms)
  Rendered /home/dominic/.rvm/gems/ruby-2.1.0/gems/actionpack-4.0.2/lib/action_dispatch/middleware/templates/rescues/template_error.erb within rescues/layout (34.3ms)


Started GET "/" for 127.0.0.1 at 2014-04-13 19:59:40 -0600
Processing by StaticPagesController#home as HTML
  Rendered static_pages/home.html.erb within layouts/application (0.9ms)
  Rendered layouts/_shim.html.erb (0.1ms)
  Rendered layouts/_header.html.erb (0.7ms)
  Rendered layouts/_footer.html.erb (2.5ms)
Completed 200 OK in 24ms (Views: 23.4ms | ActiveRecord: 0.0ms)


Started GET "/assets/application.css?body=1" for 127.0.0.1 at 2014-04-13 19:59:40 -0600


Started GET "/assets/static_pages.css?body=1" for 127.0.0.1 at 2014-04-13 19:59:40 -0600


Started GET "/assets/custom.css?body=1" for 127.0.0.1 at 2014-04-13 19:59:40 -0600


Started GET "/assets/jquery.js?body=1" for 127.0.0.1 at 2014-04-13 19:59:40 -0600


Started GET "/assets/jquery_ujs.js?body=1" for 127.0.0.1 at 2014-04-13 19:59:40 -0600


Started GET "/assets/turbolinks.js?body=1" for 127.0.0.1 at 2014-04-13 19:59:40 -0600


Started GET "/assets/static_pages.js?body=1" for 127.0.0.1 at 2014-04-13 19:59:40 -0600


Started GET "/assets/users.css?body=1" for 127.0.0.1 at 2014-04-13 19:59:40 -0600


Started GET "/assets/users.js?body=1" for 127.0.0.1 at 2014-04-13 19:59:40 -0600


Started GET "/assets/application.js?body=1" for 127.0.0.1 at 2014-04-13 19:59:40 -0600


Started GET "/signup" for 127.0.0.1 at 2014-04-13 19:59:42 -0600
Processing by UsersController#new as HTML
  Rendered users/new.html.erb within layouts/application (0.7ms)
  Rendered layouts/_shim.html.erb (1.3ms)
  Rendered layouts/_header.html.erb (5.1ms)
  Rendered layouts/_footer.html.erb (1.3ms)
Completed 200 OK in 27ms (Views: 26.2ms | ActiveRecord: 0.0ms)
  [1m[36m (322.0ms)[0m  [1mCREATE TABLE "schema_migrations" ("version" varchar(255) NOT NULL) [0m
  [1m[35m (357.4ms)[0m  CREATE UNIQUE INDEX "unique_schema_migrations" ON "schema_migrations" ("version")
  [1m[36mActiveRecord::SchemaMigration Load (0.4ms)[0m  [1mSELECT "schema_migrations".* FROM "schema_migrations"[0m
Migrating to CreateUsers (20140414024951)
  [1m[35m (0.2ms)[0m  begin transaction
  [1m[36m (0.8ms)[0m  [1mCREATE TABLE "users" ("id" INTEGER PRIMARY KEY AUTOINCREMENT NOT NULL, "name" varchar(255), "email" varchar(255), "created_at" datetime, "updated_at" datetime) [0m
  [1m[35mSQL (0.4ms)[0m  INSERT INTO "schema_migrations" ("version") VALUES (?)  [["version", "20140414024951"]]
  [1m[36m (306.1ms)[0m  [1mcommit transaction[0m
  [1m[35mActiveRecord::SchemaMigration Load (0.3ms)[0m  SELECT "schema_migrations".* FROM "schema_migrations"
  [1m[36m (0.4ms)[0m  [1mbegin transaction[0m
  [1m[35m (0.2ms)[0m  SAVEPOINT active_record_1
  [1m[36mSQL (144.0ms)[0m  [1mINSERT INTO "users" ("created_at", "email", "name", "updated_at") VALUES (?, ?, ?, ?)[0m  [["created_at", Mon, 14 Apr 2014 02:56:09 UTC +00:00], ["email", "mhartl@example.com"], ["name", "Michael Hartl"], ["updated_at", Mon, 14 Apr 2014 02:56:09 UTC +00:00]]
  [1m[35m (0.2ms)[0m  RELEASE SAVEPOINT active_record_1
  [1m[36m (0.3ms)[0m  [1mSAVEPOINT active_record_1[0m
  [1m[35mSQL (0.3ms)[0m  INSERT INTO "users" ("created_at", "email", "name", "updated_at") VALUES (?, ?, ?, ?)  [["created_at", Mon, 14 Apr 2014 02:58:31 UTC +00:00], ["email", "dominic.fuller-rowell@colorado.edu"], ["name", "Dominic Fuller-Rowell"], ["updated_at", Mon, 14 Apr 2014 02:58:31 UTC +00:00]]
  [1m[36m (0.1ms)[0m  [1mRELEASE SAVEPOINT active_record_1[0m
  [1m[35mUser Load (0.4ms)[0m  SELECT "users".* FROM "users"
  [1m[36m (0.4ms)[0m  [1mrollback transaction[0m
  [1m[36mActiveRecord::SchemaMigration Load (0.1ms)[0m  [1mSELECT "schema_migrations".* FROM "schema_migrations"[0m
  [1m[35mActiveRecord::SchemaMigration Load (0.1ms)[0m  SELECT "schema_migrations".* FROM "schema_migrations"
  [1m[36m (393.1ms)[0m  [1mCREATE TABLE "users" ("id" INTEGER PRIMARY KEY AUTOINCREMENT NOT NULL, "name" varchar(255), "email" varchar(255), "created_at" datetime, "updated_at" datetime) [0m
  [1m[35m (303.1ms)[0m  CREATE TABLE "schema_migrations" ("version" varchar(255) NOT NULL) 
  [1m[36m (274.4ms)[0m  [1mCREATE UNIQUE INDEX "unique_schema_migrations" ON "schema_migrations" ("version")[0m
  [1m[35m (0.5ms)[0m  SELECT version FROM "schema_migrations"
  [1m[36m (280.7ms)[0m  [1mINSERT INTO "schema_migrations" (version) VALUES ('20140414024951')[0m
  [1m[35mActiveRecord::SchemaMigration Load (0.3ms)[0m  SELECT "schema_migrations".* FROM "schema_migrations"
  [1m[36m (0.4ms)[0m  [1mbegin transaction[0m
  [1m[35m (0.2ms)[0m  SAVEPOINT active_record_1
  [1m[36mSQL (6.7ms)[0m  [1mINSERT INTO "users" ("created_at", "email", "name", "updated_at") VALUES (?, ?, ?, ?)[0m  [["created_at", Mon, 14 Apr 2014 03:05:20 UTC +00:00], ["email", "mhartl@example.com"], ["name", ""], ["updated_at", Mon, 14 Apr 2014 03:05:20 UTC +00:00]]
  [1m[35m (0.2ms)[0m  RELEASE SAVEPOINT active_record_1
  [1m[36m (0.2ms)[0m  [1mSAVEPOINT active_record_1[0m
  [1m[35m (0.2ms)[0m  RELEASE SAVEPOINT active_record_1
  [1m[36m (0.5ms)[0m  [1mrollback transaction[0m
  [1m[36m (0.3ms)[0m  [1mbegin transaction[0m
  [1m[35m (2.1ms)[0m  SAVEPOINT active_record_1
  [1m[36m (0.2ms)[0m  [1mROLLBACK TO SAVEPOINT active_record_1[0m
  [1m[35m (0.2ms)[0m  rollback transaction
  [1m[36mActiveRecord::SchemaMigration Load (0.1ms)[0m  [1mSELECT "schema_migrations".* FROM "schema_migrations"[0m
Migrating to AddIndexToUsersEmail (20140414031621)
  [1m[35m (0.1ms)[0m  begin transaction
  [1m[36m (0.3ms)[0m  [1mCREATE UNIQUE INDEX "index_users_on_email" ON "users" ("email")[0m
  [1m[35mSQL (0.2ms)[0m  INSERT INTO "schema_migrations" ("version") VALUES (?)  [["version", "20140414031621"]]
  [1m[36m (533.5ms)[0m  [1mcommit transaction[0m
  [1m[35mActiveRecord::SchemaMigration Load (0.3ms)[0m  SELECT "schema_migrations".* FROM "schema_migrations"
  [1m[36mActiveRecord::SchemaMigration Load (0.1ms)[0m  [1mSELECT "schema_migrations".* FROM "schema_migrations"[0m
Migrating to AddPasswordDigestToUsers (20140414032116)
  [1m[35m (0.1ms)[0m  begin transaction
  [1m[36m (0.3ms)[0m  [1mALTER TABLE "users" ADD "password_digest" varchar(255)[0m
  [1m[35mSQL (0.0ms)[0m  INSERT INTO "schema_migrations" ("version") VALUES (?)  [["version", "20140414032116"]]
  [1m[36m (365.2ms)[0m  [1mcommit transaction[0m
  [1m[35mActiveRecord::SchemaMigration Load (0.3ms)[0m  SELECT "schema_migrations".* FROM "schema_migrations"
  [1m[36m (277.8ms)[0m  [1mCREATE TABLE "users" ("id" INTEGER PRIMARY KEY AUTOINCREMENT NOT NULL, "name" varchar(255), "email" varchar(255), "created_at" datetime, "updated_at" datetime, "password_digest" varchar(255)) [0m
  [1m[35m (307.6ms)[0m  CREATE UNIQUE INDEX "index_users_on_email" ON "users" ("email")
  [1m[36m (261.6ms)[0m  [1mCREATE TABLE "schema_migrations" ("version" varchar(255) NOT NULL) [0m
  [1m[35m (307.0ms)[0m  CREATE UNIQUE INDEX "unique_schema_migrations" ON "schema_migrations" ("version")
  [1m[36m (0.3ms)[0m  [1mSELECT version FROM "schema_migrations"[0m
  [1m[35m (281.5ms)[0m  INSERT INTO "schema_migrations" (version) VALUES ('20140414032116')
  [1m[36m (316.4ms)[0m  [1mINSERT INTO "schema_migrations" (version) VALUES ('20140414031621')[0m
  [1m[35m (275.0ms)[0m  INSERT INTO "schema_migrations" (version) VALUES ('20140414024951')
  [1m[36mActiveRecord::SchemaMigration Load (0.3ms)[0m  [1mSELECT "schema_migrations".* FROM "schema_migrations"[0m
  [1m[36m (0.2ms)[0m  [1mbegin transaction[0m
  [1m[35mUser Exists (0.2ms)[0m  SELECT 1 AS one FROM "users" WHERE LOWER("users"."email") = LOWER('dominic.fuller-rowell@colorado.edu') LIMIT 1
Binary data inserted for `string` type on column `password_digest`
  [1m[36mSQL (2.5ms)[0m  [1mINSERT INTO "users" ("created_at", "email", "name", "password_digest", "updated_at") VALUES (?, ?, ?, ?, ?)[0m  [["created_at", Mon, 14 Apr 2014 03:36:28 UTC +00:00], ["email", "dominic.fuller-rowell@colorado.edu"], ["name", "Dominic Fuller-Rowell"], ["password_digest", "$2a$10$qPOqMJiWdinG0yS8c6OGYOe7oTC86XD7V/mdLfU2kJt/ilcLo02/i"], ["updated_at", Mon, 14 Apr 2014 03:36:28 UTC +00:00]]
  [1m[35m (284.1ms)[0m  commit transaction
