# Logfile created on 2014-04-10 16:18:48 -0600 by logger.rb/44203
I, [2014-04-10T16:18:48.566586 #27280]  INFO -- : 0:  rake (10.2.2) from /home/dominic/.rvm/gems/ruby-2.1.0@railstutorial_rails_4_0/specifications/rake-10.2.2.gemspec
I, [2014-04-10T16:18:48.566997 #27280]  INFO -- : 0:  i18n (0.6.9) from /home/dominic/.rvm/gems/ruby-2.1.0@railstutorial_rails_4_0/specifications/i18n-0.6.9.gemspec
I, [2014-04-10T16:18:48.694195 #27280]  INFO -- : 0:  minitest (4.7.5) from /home/dominic/.rvm/gems/ruby-2.1.0@railstutorial_rails_4_0/specifications/minitest-4.7.5.gemspec
I, [2014-04-10T16:18:48.695504 #27280]  INFO -- : 0:  multi_json (1.9.2) from /home/dominic/.rvm/gems/ruby-2.1.0@railstutorial_rails_4_0/specifications/multi_json-1.9.2.gemspec
I, [2014-04-10T16:18:48.696380 #27280]  INFO -- : 0:  thread_safe (0.3.3) from /home/dominic/.rvm/gems/ruby-2.1.0@railstutorial_rails_4_0/specifications/thread_safe-0.3.3.gemspec
I, [2014-04-10T16:18:48.697308 #27280]  INFO -- : 0:  tzinfo (0.3.39) from /home/dominic/.rvm/gems/ruby-2.1.0@railstutorial_rails_4_0/specifications/tzinfo-0.3.39.gemspec
I, [2014-04-10T16:18:48.698309 #27280]  INFO -- : 0:  activesupport (4.0.2) from /home/dominic/.rvm/gems/ruby-2.1.0@railstutorial_rails_4_0/specifications/activesupport-4.0.2.gemspec
I, [2014-04-10T16:18:48.699228 #27280]  INFO -- : 0:  builder (3.1.4) from /home/dominic/.rvm/gems/ruby-2.1.0@railstutorial_rails_4_0/specifications/builder-3.1.4.gemspec
I, [2014-04-10T16:18:48.700055 #27280]  INFO -- : 0:  erubis (2.7.0) from /home/dominic/.rvm/gems/ruby-2.1.0@railstutorial_rails_4_0/specifications/erubis-2.7.0.gemspec
I, [2014-04-10T16:18:48.700563 #27280]  INFO -- : 0:  rack (1.5.2) from /home/dominic/.rvm/gems/ruby-2.1.0@railstutorial_rails_4_0/specifications/rack-1.5.2.gemspec
I, [2014-04-10T16:18:48.701239 #27280]  INFO -- : 0:  rack-test (0.6.2) from /home/dominic/.rvm/gems/ruby-2.1.0@railstutorial_rails_4_0/specifications/rack-test-0.6.2.gemspec
I, [2014-04-10T16:18:48.701987 #27280]  INFO -- : 0:  actionpack (4.0.2) from /home/dominic/.rvm/gems/ruby-2.1.0@railstutorial_rails_4_0/specifications/actionpack-4.0.2.gemspec
I, [2014-04-10T16:18:48.702808 #27280]  INFO -- : 0:  mime-types (1.25.1) from /home/dominic/.rvm/gems/ruby-2.1.0@railstutorial_rails_4_0/specifications/mime-types-1.25.1.gemspec
I, [2014-04-10T16:18:48.703678 #27280]  INFO -- : 0:  polyglot (0.3.4) from /home/dominic/.rvm/gems/ruby-2.1.0@railstutorial_rails_4_0/specifications/polyglot-0.3.4.gemspec
I, [2014-04-10T16:18:48.704542 #27280]  INFO -- : 0:  treetop (1.4.15) from /home/dominic/.rvm/gems/ruby-2.1.0@railstutorial_rails_4_0/specifications/treetop-1.4.15.gemspec
I, [2014-04-10T16:18:48.706141 #27280]  INFO -- : 0:  mail (2.5.4) from /home/dominic/.rvm/gems/ruby-2.1.0@railstutorial_rails_4_0/specifications/mail-2.5.4.gemspec
I, [2014-04-10T16:18:48.706672 #27280]  INFO -- : 0:  actionmailer (4.0.2) from /home/dominic/.rvm/gems/ruby-2.1.0@railstutorial_rails_4_0/specifications/actionmailer-4.0.2.gemspec
I, [2014-04-10T16:18:48.707576 #27280]  INFO -- : 0:  activemodel (4.0.2) from /home/dominic/.rvm/gems/ruby-2.1.0@railstutorial_rails_4_0/specifications/activemodel-4.0.2.gemspec
I, [2014-04-10T16:18:48.708658 #27280]  INFO -- : 0:  activerecord-deprecated_finders (1.0.3) from /home/dominic/.rvm/gems/ruby-2.1.0@railstutorial_rails_4_0/specifications/activerecord-deprecated_finders-1.0.3.gemspec
I, [2014-04-10T16:18:48.709699 #27280]  INFO -- : 0:  arel (4.0.2) from /home/dominic/.rvm/gems/ruby-2.1.0@railstutorial_rails_4_0/specifications/arel-4.0.2.gemspec
I, [2014-04-10T16:18:48.710324 #27280]  INFO -- : 0:  activerecord (4.0.2) from /home/dominic/.rvm/gems/ruby-2.1.0@railstutorial_rails_4_0/specifications/activerecord-4.0.2.gemspec
I, [2014-04-10T16:18:48.711123 #27280]  INFO -- : 0:  mini_portile (0.5.3) from /home/dominic/.rvm/gems/ruby-2.1.0@railstutorial_rails_4_0/specifications/mini_portile-0.5.3.gemspec
I, [2014-04-10T16:18:48.711856 #27280]  INFO -- : 0:  nokogiri (1.6.1) from /home/dominic/.rvm/gems/ruby-2.1.0@railstutorial_rails_4_0/specifications/nokogiri-1.6.1.gemspec
I, [2014-04-10T16:18:48.712702 #27280]  INFO -- : 0:  xpath (2.0.0) from /home/dominic/.rvm/gems/ruby-2.1.0@railstutorial_rails_4_0/specifications/xpath-2.0.0.gemspec
I, [2014-04-10T16:18:48.714803 #27280]  INFO -- : 0:  capybara (2.1.0) from /home/dominic/.rvm/gems/ruby-2.1.0@railstutorial_rails_4_0/specifications/capybara-2.1.0.gemspec
I, [2014-04-10T16:18:48.716266 #27280]  INFO -- : 0:  ffi (1.9.3) from /home/dominic/.rvm/gems/ruby-2.1.0@railstutorial_rails_4_0/specifications/ffi-1.9.3.gemspec
I, [2014-04-10T16:18:48.716782 #27280]  INFO -- : 0:  childprocess (0.5.2) from /home/dominic/.rvm/gems/ruby-2.1.0@railstutorial_rails_4_0/specifications/childprocess-0.5.2.gemspec
I, [2014-04-10T16:18:48.718592 #27280]  INFO -- : 0:  coffee-script-source (1.7.0) from /home/dominic/.rvm/gems/ruby-2.1.0@railstutorial_rails_4_0/specifications/coffee-script-source-1.7.0.gemspec
I, [2014-04-10T16:18:48.719564 #27280]  INFO -- : 0:  execjs (2.0.2) from /home/dominic/.rvm/gems/ruby-2.1.0@railstutorial_rails_4_0/specifications/execjs-2.0.2.gemspec
I, [2014-04-10T16:18:48.720746 #27280]  INFO -- : 0:  coffee-script (2.2.0) from /home/dominic/.rvm/gems/ruby-2.1.0@railstutorial_rails_4_0/specifications/coffee-script-2.2.0.gemspec
I, [2014-04-10T16:18:48.721607 #27280]  INFO -- : 0:  thor (0.19.1) from /home/dominic/.rvm/gems/ruby-2.1.0@railstutorial_rails_4_0/specifications/thor-0.19.1.gemspec
I, [2014-04-10T16:18:48.722291 #27280]  INFO -- : 0:  railties (4.0.2) from /home/dominic/.rvm/gems/ruby-2.1.0@railstutorial_rails_4_0/specifications/railties-4.0.2.gemspec
I, [2014-04-10T16:18:48.722872 #27280]  INFO -- : 0:  coffee-rails (4.0.1) from /home/dominic/.rvm/gems/ruby-2.1.0@railstutorial_rails_4_0/specifications/coffee-rails-4.0.1.gemspec
I, [2014-04-10T16:18:48.723672 #27280]  INFO -- : 0:  diff-lcs (1.2.5) from /home/dominic/.rvm/gems/ruby-2.1.0@railstutorial_rails_4_0/specifications/diff-lcs-1.2.5.gemspec
I, [2014-04-10T16:18:48.724314 #27280]  INFO -- : 0:  hike (1.2.3) from /home/dominic/.rvm/gems/ruby-2.1.0@railstutorial_rails_4_0/specifications/hike-1.2.3.gemspec
I, [2014-04-10T16:18:48.725034 #27280]  INFO -- : 0:  jbuilder (1.0.2) from /home/dominic/.rvm/gems/ruby-2.1.0@railstutorial_rails_4_0/specifications/jbuilder-1.0.2.gemspec
I, [2014-04-10T16:18:48.725661 #27280]  INFO -- : 0:  jquery-rails (3.0.4) from /home/dominic/.rvm/gems/ruby-2.1.0@railstutorial_rails_4_0/specifications/jquery-rails-3.0.4.gemspec
I, [2014-04-10T16:18:49.793908 #27280]  INFO -- : 0:  json (1.8.1) from /home/dominic/.rvm/gems/ruby-2.1.0@railstutorial_rails_4_0/specifications/json-1.8.1.gemspec
I, [2014-04-10T16:18:49.795402 #27280]  INFO -- : 0:  pg (0.15.1) from /home/dominic/.rvm/gems/ruby-2.1.0@railstutorial_rails_4_0/specifications/pg-0.15.1.gemspec
I, [2014-04-10T16:18:49.796410 #27280]  INFO -- : 0:  bundler (1.5.0) from /home/dominic/.rvm/gems/ruby-2.1.0@global/specifications/bundler-1.5.0.gemspec
I, [2014-04-10T16:18:49.797582 #27280]  INFO -- : 0:  tilt (1.4.1) from /home/dominic/.rvm/gems/ruby-2.1.0@railstutorial_rails_4_0/specifications/tilt-1.4.1.gemspec
I, [2014-04-10T16:18:49.798527 #27280]  INFO -- : 0:  sprockets (2.12.0) from /home/dominic/.rvm/gems/ruby-2.1.0@railstutorial_rails_4_0/specifications/sprockets-2.12.0.gemspec
I, [2014-04-10T16:18:49.799427 #27280]  INFO -- : 0:  sprockets-rails (2.0.1) from /home/dominic/.rvm/gems/ruby-2.1.0@railstutorial_rails_4_0/specifications/sprockets-rails-2.0.1.gemspec
I, [2014-04-10T16:18:49.800397 #27280]  INFO -- : 0:  rails (4.0.2) from /home/dominic/.rvm/gems/ruby-2.1.0@railstutorial_rails_4_0/specifications/rails-4.0.2.gemspec
I, [2014-04-10T16:18:49.801269 #27280]  INFO -- : 0:  rails_serve_static_assets (0.0.2) from /home/dominic/.rvm/gems/ruby-2.1.0@railstutorial_rails_4_0/specifications/rails_serve_static_assets-0.0.2.gemspec
I, [2014-04-10T16:18:49.802336 #27280]  INFO -- : 0:  rails_stdout_logging (0.0.3) from /home/dominic/.rvm/gems/ruby-2.1.0@railstutorial_rails_4_0/specifications/rails_stdout_logging-0.0.3.gemspec
I, [2014-04-10T16:18:49.803245 #27280]  INFO -- : 0:  rails_12factor (0.0.2) from /home/dominic/.rvm/gems/ruby-2.1.0@railstutorial_rails_4_0/specifications/rails_12factor-0.0.2.gemspec
I, [2014-04-10T16:18:49.804218 #27280]  INFO -- : 0:  rdoc (3.12.2) from /home/dominic/.rvm/gems/ruby-2.1.0@railstutorial_rails_4_0/specifications/rdoc-3.12.2.gemspec
I, [2014-04-10T16:18:49.806581 #27280]  INFO -- : 0:  rspec-core (2.13.1) from /home/dominic/.rvm/gems/ruby-2.1.0@railstutorial_rails_4_0/specifications/rspec-core-2.13.1.gemspec
I, [2014-04-10T16:18:49.807459 #27280]  INFO -- : 0:  rspec-expectations (2.13.0) from /home/dominic/.rvm/gems/ruby-2.1.0@railstutorial_rails_4_0/specifications/rspec-expectations-2.13.0.gemspec
I, [2014-04-10T16:18:49.808212 #27280]  INFO -- : 0:  rspec-mocks (2.13.1) from /home/dominic/.rvm/gems/ruby-2.1.0@railstutorial_rails_4_0/specifications/rspec-mocks-2.13.1.gemspec
I, [2014-04-10T16:18:49.809096 #27280]  INFO -- : 0:  rspec-rails (2.13.1) from /home/dominic/.rvm/gems/ruby-2.1.0@railstutorial_rails_4_0/specifications/rspec-rails-2.13.1.gemspec
I, [2014-04-10T16:18:49.810155 #27280]  INFO -- : 0:  rubyzip (0.9.9) from /home/dominic/.rvm/gems/ruby-2.1.0@railstutorial_rails_4_0/specifications/rubyzip-0.9.9.gemspec
I, [2014-04-10T16:18:49.811094 #27280]  INFO -- : 0:  sass (3.3.4) from /home/dominic/.rvm/gems/ruby-2.1.0@railstutorial_rails_4_0/specifications/sass-3.3.4.gemspec
I, [2014-04-10T16:18:49.811942 #27280]  INFO -- : 0:  sass-rails (4.0.1) from /home/dominic/.rvm/gems/ruby-2.1.0@railstutorial_rails_4_0/specifications/sass-rails-4.0.1.gemspec
I, [2014-04-10T16:18:49.813404 #27280]  INFO -- : 0:  sdoc (0.3.20) from /home/dominic/.rvm/gems/ruby-2.1.0@railstutorial_rails_4_0/specifications/sdoc-0.3.20.gemspec
I, [2014-04-10T16:18:49.814652 #27280]  INFO -- : 0:  websocket (1.0.7) from /home/dominic/.rvm/gems/ruby-2.1.0@railstutorial_rails_4_0/specifications/websocket-1.0.7.gemspec
I, [2014-04-10T16:18:49.815742 #27280]  INFO -- : 0:  selenium-webdriver (2.35.1) from /home/dominic/.rvm/gems/ruby-2.1.0@railstutorial_rails_4_0/specifications/selenium-webdriver-2.35.1.gemspec
I, [2014-04-10T16:18:49.816709 #27280]  INFO -- : 0:  sqlite3 (1.3.8) from /home/dominic/.rvm/gems/ruby-2.1.0@railstutorial_rails_4_0/specifications/sqlite3-1.3.8.gemspec
I, [2014-04-10T16:18:49.819630 #27280]  INFO -- : 0:  turbolinks (1.1.1) from /home/dominic/.rvm/gems/ruby-2.1.0@railstutorial_rails_4_0/specifications/turbolinks-1.1.1.gemspec
I, [2014-04-10T16:18:49.820204 #27280]  INFO -- : 0:  uglifier (2.1.1) from /home/dominic/.rvm/gems/ruby-2.1.0@railstutorial_rails_4_0/specifications/uglifier-2.1.1.gemspec
I, [2014-04-10T16:20:19.938596 #27360]  INFO -- : 0:  rake (10.2.2) from /home/dominic/.rvm/gems/ruby-2.1.0@railstutorial_rails_4_0/specifications/rake-10.2.2.gemspec
I, [2014-04-10T16:20:19.939106 #27360]  INFO -- : 0:  i18n (0.6.9) from /home/dominic/.rvm/gems/ruby-2.1.0@railstutorial_rails_4_0/specifications/i18n-0.6.9.gemspec
I, [2014-04-10T16:20:20.040714 #27360]  INFO -- : 0:  minitest (4.7.5) from /home/dominic/.rvm/gems/ruby-2.1.0@railstutorial_rails_4_0/specifications/minitest-4.7.5.gemspec
I, [2014-04-10T16:20:20.041221 #27360]  INFO -- : 0:  multi_json (1.9.2) from /home/dominic/.rvm/gems/ruby-2.1.0@railstutorial_rails_4_0/specifications/multi_json-1.9.2.gemspec
I, [2014-04-10T16:20:20.041500 #27360]  INFO -- : 0:  thread_safe (0.3.3) from /home/dominic/.rvm/gems/ruby-2.1.0@railstutorial_rails_4_0/specifications/thread_safe-0.3.3.gemspec
I, [2014-04-10T16:20:20.041735 #27360]  INFO -- : 0:  tzinfo (0.3.39) from /home/dominic/.rvm/gems/ruby-2.1.0@railstutorial_rails_4_0/specifications/tzinfo-0.3.39.gemspec
I, [2014-04-10T16:20:20.041991 #27360]  INFO -- : 0:  activesupport (4.0.2) from /home/dominic/.rvm/gems/ruby-2.1.0@railstutorial_rails_4_0/specifications/activesupport-4.0.2.gemspec
I, [2014-04-10T16:20:20.042227 #27360]  INFO -- : 0:  builder (3.1.4) from /home/dominic/.rvm/gems/ruby-2.1.0@railstutorial_rails_4_0/specifications/builder-3.1.4.gemspec
I, [2014-04-10T16:20:20.042483 #27360]  INFO -- : 0:  erubis (2.7.0) from /home/dominic/.rvm/gems/ruby-2.1.0@railstutorial_rails_4_0/specifications/erubis-2.7.0.gemspec
I, [2014-04-10T16:20:20.042725 #27360]  INFO -- : 0:  rack (1.5.2) from /home/dominic/.rvm/gems/ruby-2.1.0@railstutorial_rails_4_0/specifications/rack-1.5.2.gemspec
I, [2014-04-10T16:20:20.042977 #27360]  INFO -- : 0:  rack-test (0.6.2) from /home/dominic/.rvm/gems/ruby-2.1.0@railstutorial_rails_4_0/specifications/rack-test-0.6.2.gemspec
I, [2014-04-10T16:20:20.043203 #27360]  INFO -- : 0:  actionpack (4.0.2) from /home/dominic/.rvm/gems/ruby-2.1.0@railstutorial_rails_4_0/specifications/actionpack-4.0.2.gemspec
I, [2014-04-10T16:20:20.043456 #27360]  INFO -- : 0:  mime-types (1.25.1) from /home/dominic/.rvm/gems/ruby-2.1.0@railstutorial_rails_4_0/specifications/mime-types-1.25.1.gemspec
I, [2014-04-10T16:20:20.043683 #27360]  INFO -- : 0:  polyglot (0.3.4) from /home/dominic/.rvm/gems/ruby-2.1.0@railstutorial_rails_4_0/specifications/polyglot-0.3.4.gemspec
I, [2014-04-10T16:20:20.043873 #27360]  INFO -- : 0:  treetop (1.4.15) from /home/dominic/.rvm/gems/ruby-2.1.0@railstutorial_rails_4_0/specifications/treetop-1.4.15.gemspec
I, [2014-04-10T16:20:20.044099 #27360]  INFO -- : 0:  mail (2.5.4) from /home/dominic/.rvm/gems/ruby-2.1.0@railstutorial_rails_4_0/specifications/mail-2.5.4.gemspec
I, [2014-04-10T16:20:20.044358 #27360]  INFO -- : 0:  actionmailer (4.0.2) from /home/dominic/.rvm/gems/ruby-2.1.0@railstutorial_rails_4_0/specifications/actionmailer-4.0.2.gemspec
I, [2014-04-10T16:20:20.044590 #27360]  INFO -- : 0:  activemodel (4.0.2) from /home/dominic/.rvm/gems/ruby-2.1.0@railstutorial_rails_4_0/specifications/activemodel-4.0.2.gemspec
I, [2014-04-10T16:20:20.044884 #27360]  INFO -- : 0:  activerecord-deprecated_finders (1.0.3) from /home/dominic/.rvm/gems/ruby-2.1.0@railstutorial_rails_4_0/specifications/activerecord-deprecated_finders-1.0.3.gemspec
I, [2014-04-10T16:20:20.045125 #27360]  INFO -- : 0:  arel (4.0.2) from /home/dominic/.rvm/gems/ruby-2.1.0@railstutorial_rails_4_0/specifications/arel-4.0.2.gemspec
I, [2014-04-10T16:20:20.045380 #27360]  INFO -- : 0:  activerecord (4.0.2) from /home/dominic/.rvm/gems/ruby-2.1.0@railstutorial_rails_4_0/specifications/activerecord-4.0.2.gemspec
I, [2014-04-10T16:20:20.045616 #27360]  INFO -- : 0:  sass (3.3.4) from /home/dominic/.rvm/gems/ruby-2.1.0@railstutorial_rails_4_0/specifications/sass-3.3.4.gemspec
I, [2014-04-10T16:20:26.273911 #27360]  INFO -- : 0:  bootstrap-sass (2.3.2.0) from /home/dominic/.rvm/gems/ruby-2.1.0@railstutorial_rails_4_0/specifications/bootstrap-sass-2.3.2.0.gemspec
I, [2014-04-10T16:20:26.275009 #27360]  INFO -- : 0:  bundler (1.5.0) from /home/dominic/.rvm/gems/ruby-2.1.0@global/specifications/bundler-1.5.0.gemspec
I, [2014-04-10T16:20:26.275861 #27360]  INFO -- : 0:  mini_portile (0.5.3) from /home/dominic/.rvm/gems/ruby-2.1.0@railstutorial_rails_4_0/specifications/mini_portile-0.5.3.gemspec
I, [2014-04-10T16:20:26.276695 #27360]  INFO -- : 0:  nokogiri (1.6.1) from /home/dominic/.rvm/gems/ruby-2.1.0@railstutorial_rails_4_0/specifications/nokogiri-1.6.1.gemspec
I, [2014-04-10T16:20:26.278207 #27360]  INFO -- : 0:  xpath (2.0.0) from /home/dominic/.rvm/gems/ruby-2.1.0@railstutorial_rails_4_0/specifications/xpath-2.0.0.gemspec
I, [2014-04-10T16:20:26.279061 #27360]  INFO -- : 0:  capybara (2.1.0) from /home/dominic/.rvm/gems/ruby-2.1.0@railstutorial_rails_4_0/specifications/capybara-2.1.0.gemspec
I, [2014-04-10T16:20:26.279871 #27360]  INFO -- : 0:  ffi (1.9.3) from /home/dominic/.rvm/gems/ruby-2.1.0@railstutorial_rails_4_0/specifications/ffi-1.9.3.gemspec
I, [2014-04-10T16:20:26.280676 #27360]  INFO -- : 0:  childprocess (0.5.2) from /home/dominic/.rvm/gems/ruby-2.1.0@railstutorial_rails_4_0/specifications/childprocess-0.5.2.gemspec
I, [2014-04-10T16:20:26.281982 #27360]  INFO -- : 0:  coffee-script-source (1.7.0) from /home/dominic/.rvm/gems/ruby-2.1.0@railstutorial_rails_4_0/specifications/coffee-script-source-1.7.0.gemspec
I, [2014-04-10T16:20:26.282805 #27360]  INFO -- : 0:  execjs (2.0.2) from /home/dominic/.rvm/gems/ruby-2.1.0@railstutorial_rails_4_0/specifications/execjs-2.0.2.gemspec
I, [2014-04-10T16:20:26.283550 #27360]  INFO -- : 0:  coffee-script (2.2.0) from /home/dominic/.rvm/gems/ruby-2.1.0@railstutorial_rails_4_0/specifications/coffee-script-2.2.0.gemspec
I, [2014-04-10T16:20:26.284434 #27360]  INFO -- : 0:  thor (0.19.1) from /home/dominic/.rvm/gems/ruby-2.1.0@railstutorial_rails_4_0/specifications/thor-0.19.1.gemspec
I, [2014-04-10T16:20:26.285241 #27360]  INFO -- : 0:  railties (4.0.2) from /home/dominic/.rvm/gems/ruby-2.1.0@railstutorial_rails_4_0/specifications/railties-4.0.2.gemspec
I, [2014-04-10T16:20:26.285879 #27360]  INFO -- : 0:  coffee-rails (4.0.1) from /home/dominic/.rvm/gems/ruby-2.1.0@railstutorial_rails_4_0/specifications/coffee-rails-4.0.1.gemspec
I, [2014-04-10T16:20:26.286495 #27360]  INFO -- : 0:  diff-lcs (1.2.5) from /home/dominic/.rvm/gems/ruby-2.1.0@railstutorial_rails_4_0/specifications/diff-lcs-1.2.5.gemspec
I, [2014-04-10T16:20:26.287147 #27360]  INFO -- : 0:  hike (1.2.3) from /home/dominic/.rvm/gems/ruby-2.1.0@railstutorial_rails_4_0/specifications/hike-1.2.3.gemspec
I, [2014-04-10T16:20:26.287900 #27360]  INFO -- : 0:  jbuilder (1.0.2) from /home/dominic/.rvm/gems/ruby-2.1.0@railstutorial_rails_4_0/specifications/jbuilder-1.0.2.gemspec
I, [2014-04-10T16:20:26.288618 #27360]  INFO -- : 0:  jquery-rails (3.0.4) from /home/dominic/.rvm/gems/ruby-2.1.0@railstutorial_rails_4_0/specifications/jquery-rails-3.0.4.gemspec
I, [2014-04-10T16:20:27.305856 #27360]  INFO -- : 0:  json (1.8.1) from /home/dominic/.rvm/gems/ruby-2.1.0@railstutorial_rails_4_0/specifications/json-1.8.1.gemspec
I, [2014-04-10T16:20:27.306873 #27360]  INFO -- : 0:  pg (0.15.1) from /home/dominic/.rvm/gems/ruby-2.1.0@railstutorial_rails_4_0/specifications/pg-0.15.1.gemspec
I, [2014-04-10T16:20:27.307556 #27360]  INFO -- : 0:  tilt (1.4.1) from /home/dominic/.rvm/gems/ruby-2.1.0@railstutorial_rails_4_0/specifications/tilt-1.4.1.gemspec
I, [2014-04-10T16:20:27.308319 #27360]  INFO -- : 0:  sprockets (2.12.0) from /home/dominic/.rvm/gems/ruby-2.1.0@railstutorial_rails_4_0/specifications/sprockets-2.12.0.gemspec
I, [2014-04-10T16:20:27.309264 #27360]  INFO -- : 0:  sprockets-rails (2.0.1) from /home/dominic/.rvm/gems/ruby-2.1.0@railstutorial_rails_4_0/specifications/sprockets-rails-2.0.1.gemspec
I, [2014-04-10T16:20:27.310153 #27360]  INFO -- : 0:  rails (4.0.2) from /home/dominic/.rvm/gems/ruby-2.1.0@railstutorial_rails_4_0/specifications/rails-4.0.2.gemspec
I, [2014-04-10T16:20:27.310829 #27360]  INFO -- : 0:  rails_serve_static_assets (0.0.2) from /home/dominic/.rvm/gems/ruby-2.1.0@railstutorial_rails_4_0/specifications/rails_serve_static_assets-0.0.2.gemspec
I, [2014-04-10T16:20:27.311501 #27360]  INFO -- : 0:  rails_stdout_logging (0.0.3) from /home/dominic/.rvm/gems/ruby-2.1.0@railstutorial_rails_4_0/specifications/rails_stdout_logging-0.0.3.gemspec
I, [2014-04-10T16:20:27.312206 #27360]  INFO -- : 0:  rails_12factor (0.0.2) from /home/dominic/.rvm/gems/ruby-2.1.0@railstutorial_rails_4_0/specifications/rails_12factor-0.0.2.gemspec
I, [2014-04-10T16:20:27.312974 #27360]  INFO -- : 0:  rdoc (3.12.2) from /home/dominic/.rvm/gems/ruby-2.1.0@railstutorial_rails_4_0/specifications/rdoc-3.12.2.gemspec
I, [2014-04-10T16:20:27.313676 #27360]  INFO -- : 0:  rspec-core (2.13.1) from /home/dominic/.rvm/gems/ruby-2.1.0@railstutorial_rails_4_0/specifications/rspec-core-2.13.1.gemspec
I, [2014-04-10T16:20:27.314294 #27360]  INFO -- : 0:  rspec-expectations (2.13.0) from /home/dominic/.rvm/gems/ruby-2.1.0@railstutorial_rails_4_0/specifications/rspec-expectations-2.13.0.gemspec
I, [2014-04-10T16:20:27.314938 #27360]  INFO -- : 0:  rspec-mocks (2.13.1) from /home/dominic/.rvm/gems/ruby-2.1.0@railstutorial_rails_4_0/specifications/rspec-mocks-2.13.1.gemspec
I, [2014-04-10T16:20:27.315629 #27360]  INFO -- : 0:  rspec-rails (2.13.1) from /home/dominic/.rvm/gems/ruby-2.1.0@railstutorial_rails_4_0/specifications/rspec-rails-2.13.1.gemspec
I, [2014-04-10T16:20:27.316254 #27360]  INFO -- : 0:  rubyzip (0.9.9) from /home/dominic/.rvm/gems/ruby-2.1.0@railstutorial_rails_4_0/specifications/rubyzip-0.9.9.gemspec
I, [2014-04-10T16:20:27.316800 #27360]  INFO -- : 0:  sass-rails (4.0.1) from /home/dominic/.rvm/gems/ruby-2.1.0@railstutorial_rails_4_0/specifications/sass-rails-4.0.1.gemspec
I, [2014-04-10T16:20:27.317261 #27360]  INFO -- : 0:  sdoc (0.3.20) from /home/dominic/.rvm/gems/ruby-2.1.0@railstutorial_rails_4_0/specifications/sdoc-0.3.20.gemspec
I, [2014-04-10T16:20:27.317855 #27360]  INFO -- : 0:  websocket (1.0.7) from /home/dominic/.rvm/gems/ruby-2.1.0@railstutorial_rails_4_0/specifications/websocket-1.0.7.gemspec
I, [2014-04-10T16:20:27.318519 #27360]  INFO -- : 0:  selenium-webdriver (2.35.1) from /home/dominic/.rvm/gems/ruby-2.1.0@railstutorial_rails_4_0/specifications/selenium-webdriver-2.35.1.gemspec
I, [2014-04-10T16:20:27.319218 #27360]  INFO -- : 0:  sqlite3 (1.3.8) from /home/dominic/.rvm/gems/ruby-2.1.0@railstutorial_rails_4_0/specifications/sqlite3-1.3.8.gemspec
I, [2014-04-10T16:20:27.319870 #27360]  INFO -- : 0:  turbolinks (1.1.1) from /home/dominic/.rvm/gems/ruby-2.1.0@railstutorial_rails_4_0/specifications/turbolinks-1.1.1.gemspec
I, [2014-04-10T16:20:27.320533 #27360]  INFO -- : 0:  uglifier (2.1.1) from /home/dominic/.rvm/gems/ruby-2.1.0@railstutorial_rails_4_0/specifications/uglifier-2.1.1.gemspec
I, [2014-04-10T16:34:22.659021 #27744]  INFO -- : 0:  rake (10.2.2) from /home/dominic/.rvm/gems/ruby-2.1.0@railstutorial_rails_4_0/specifications/rake-10.2.2.gemspec
I, [2014-04-10T16:34:22.659780 #27744]  INFO -- : 0:  i18n (0.6.9) from /home/dominic/.rvm/gems/ruby-2.1.0@railstutorial_rails_4_0/specifications/i18n-0.6.9.gemspec
I, [2014-04-10T16:34:22.755777 #27744]  INFO -- : 0:  minitest (4.7.5) from /home/dominic/.rvm/gems/ruby-2.1.0@railstutorial_rails_4_0/specifications/minitest-4.7.5.gemspec
I, [2014-04-10T16:34:22.757141 #27744]  INFO -- : 0:  multi_json (1.9.2) from /home/dominic/.rvm/gems/ruby-2.1.0@railstutorial_rails_4_0/specifications/multi_json-1.9.2.gemspec
I, [2014-04-10T16:34:22.758074 #27744]  INFO -- : 0:  thread_safe (0.3.3) from /home/dominic/.rvm/gems/ruby-2.1.0@railstutorial_rails_4_0/specifications/thread_safe-0.3.3.gemspec
I, [2014-04-10T16:34:22.758962 #27744]  INFO -- : 0:  tzinfo (0.3.39) from /home/dominic/.rvm/gems/ruby-2.1.0@railstutorial_rails_4_0/specifications/tzinfo-0.3.39.gemspec
I, [2014-04-10T16:34:22.759785 #27744]  INFO -- : 0:  activesupport (4.0.2) from /home/dominic/.rvm/gems/ruby-2.1.0@railstutorial_rails_4_0/specifications/activesupport-4.0.2.gemspec
I, [2014-04-10T16:34:22.760783 #27744]  INFO -- : 0:  builder (3.1.4) from /home/dominic/.rvm/gems/ruby-2.1.0@railstutorial_rails_4_0/specifications/builder-3.1.4.gemspec
I, [2014-04-10T16:34:22.761881 #27744]  INFO -- : 0:  erubis (2.7.0) from /home/dominic/.rvm/gems/ruby-2.1.0@railstutorial_rails_4_0/specifications/erubis-2.7.0.gemspec
I, [2014-04-10T16:34:22.762804 #27744]  INFO -- : 0:  rack (1.5.2) from /home/dominic/.rvm/gems/ruby-2.1.0@railstutorial_rails_4_0/specifications/rack-1.5.2.gemspec
I, [2014-04-10T16:34:22.763647 #27744]  INFO -- : 0:  rack-test (0.6.2) from /home/dominic/.rvm/gems/ruby-2.1.0@railstutorial_rails_4_0/specifications/rack-test-0.6.2.gemspec
I, [2014-04-10T16:34:22.764509 #27744]  INFO -- : 0:  actionpack (4.0.2) from /home/dominic/.rvm/gems/ruby-2.1.0@railstutorial_rails_4_0/specifications/actionpack-4.0.2.gemspec
I, [2014-04-10T16:34:22.765631 #27744]  INFO -- : 0:  mime-types (1.25.1) from /home/dominic/.rvm/gems/ruby-2.1.0@railstutorial_rails_4_0/specifications/mime-types-1.25.1.gemspec
I, [2014-04-10T16:34:22.766520 #27744]  INFO -- : 0:  polyglot (0.3.4) from /home/dominic/.rvm/gems/ruby-2.1.0@railstutorial_rails_4_0/specifications/polyglot-0.3.4.gemspec
I, [2014-04-10T16:34:22.767277 #27744]  INFO -- : 0:  treetop (1.4.15) from /home/dominic/.rvm/gems/ruby-2.1.0@railstutorial_rails_4_0/specifications/treetop-1.4.15.gemspec
I, [2014-04-10T16:34:22.767996 #27744]  INFO -- : 0:  mail (2.5.4) from /home/dominic/.rvm/gems/ruby-2.1.0@railstutorial_rails_4_0/specifications/mail-2.5.4.gemspec
I, [2014-04-10T16:34:22.768761 #27744]  INFO -- : 0:  actionmailer (4.0.2) from /home/dominic/.rvm/gems/ruby-2.1.0@railstutorial_rails_4_0/specifications/actionmailer-4.0.2.gemspec
I, [2014-04-10T16:34:22.770761 #27744]  INFO -- : 0:  activemodel (4.0.2) from /home/dominic/.rvm/gems/ruby-2.1.0@railstutorial_rails_4_0/specifications/activemodel-4.0.2.gemspec
I, [2014-04-10T16:34:22.771403 #27744]  INFO -- : 0:  activerecord-deprecated_finders (1.0.3) from /home/dominic/.rvm/gems/ruby-2.1.0@railstutorial_rails_4_0/specifications/activerecord-deprecated_finders-1.0.3.gemspec
I, [2014-04-10T16:34:22.772564 #27744]  INFO -- : 0:  arel (4.0.2) from /home/dominic/.rvm/gems/ruby-2.1.0@railstutorial_rails_4_0/specifications/arel-4.0.2.gemspec
I, [2014-04-10T16:34:22.773956 #27744]  INFO -- : 0:  activerecord (4.0.2) from /home/dominic/.rvm/gems/ruby-2.1.0@railstutorial_rails_4_0/specifications/activerecord-4.0.2.gemspec
I, [2014-04-10T16:34:22.775255 #27744]  INFO -- : 0:  sass (3.3.4) from /home/dominic/.rvm/gems/ruby-2.1.0@railstutorial_rails_4_0/specifications/sass-3.3.4.gemspec
I, [2014-04-10T16:34:22.776689 #27744]  INFO -- : 0:  bootstrap-sass (2.3.2.0) from /home/dominic/.rvm/gems/ruby-2.1.0@railstutorial_rails_4_0/specifications/bootstrap-sass-2.3.2.0.gemspec
I, [2014-04-10T16:34:22.778499 #27744]  INFO -- : 0:  bundler (1.5.0) from /home/dominic/.rvm/gems/ruby-2.1.0@global/specifications/bundler-1.5.0.gemspec
I, [2014-04-10T16:34:22.779935 #27744]  INFO -- : 0:  mini_portile (0.5.3) from /home/dominic/.rvm/gems/ruby-2.1.0@railstutorial_rails_4_0/specifications/mini_portile-0.5.3.gemspec
I, [2014-04-10T16:34:22.780654 #27744]  INFO -- : 0:  nokogiri (1.6.1) from /home/dominic/.rvm/gems/ruby-2.1.0@railstutorial_rails_4_0/specifications/nokogiri-1.6.1.gemspec
I, [2014-04-10T16:34:22.782883 #27744]  INFO -- : 0:  xpath (2.0.0) from /home/dominic/.rvm/gems/ruby-2.1.0@railstutorial_rails_4_0/specifications/xpath-2.0.0.gemspec
I, [2014-04-10T16:34:22.784325 #27744]  INFO -- : 0:  capybara (2.1.0) from /home/dominic/.rvm/gems/ruby-2.1.0@railstutorial_rails_4_0/specifications/capybara-2.1.0.gemspec
I, [2014-04-10T16:34:22.786811 #27744]  INFO -- : 0:  ffi (1.9.3) from /home/dominic/.rvm/gems/ruby-2.1.0@railstutorial_rails_4_0/specifications/ffi-1.9.3.gemspec
I, [2014-04-10T16:34:22.789254 #27744]  INFO -- : 0:  childprocess (0.5.2) from /home/dominic/.rvm/gems/ruby-2.1.0@railstutorial_rails_4_0/specifications/childprocess-0.5.2.gemspec
I, [2014-04-10T16:34:22.790573 #27744]  INFO -- : 0:  coffee-script-source (1.7.0) from /home/dominic/.rvm/gems/ruby-2.1.0@railstutorial_rails_4_0/specifications/coffee-script-source-1.7.0.gemspec
I, [2014-04-10T16:34:22.791356 #27744]  INFO -- : 0:  execjs (2.0.2) from /home/dominic/.rvm/gems/ruby-2.1.0@railstutorial_rails_4_0/specifications/execjs-2.0.2.gemspec
I, [2014-04-10T16:34:22.792144 #27744]  INFO -- : 0:  coffee-script (2.2.0) from /home/dominic/.rvm/gems/ruby-2.1.0@railstutorial_rails_4_0/specifications/coffee-script-2.2.0.gemspec
I, [2014-04-10T16:34:22.793258 #27744]  INFO -- : 0:  thor (0.19.1) from /home/dominic/.rvm/gems/ruby-2.1.0@railstutorial_rails_4_0/specifications/thor-0.19.1.gemspec
I, [2014-04-10T16:34:22.793968 #27744]  INFO -- : 0:  railties (4.0.2) from /home/dominic/.rvm/gems/ruby-2.1.0@railstutorial_rails_4_0/specifications/railties-4.0.2.gemspec
I, [2014-04-10T16:34:22.794645 #27744]  INFO -- : 0:  coffee-rails (4.0.1) from /home/dominic/.rvm/gems/ruby-2.1.0@railstutorial_rails_4_0/specifications/coffee-rails-4.0.1.gemspec
I, [2014-04-10T16:34:22.795358 #27744]  INFO -- : 0:  diff-lcs (1.2.5) from /home/dominic/.rvm/gems/ruby-2.1.0@railstutorial_rails_4_0/specifications/diff-lcs-1.2.5.gemspec
I, [2014-04-10T16:34:22.796144 #27744]  INFO -- : 0:  hike (1.2.3) from /home/dominic/.rvm/gems/ruby-2.1.0@railstutorial_rails_4_0/specifications/hike-1.2.3.gemspec
I, [2014-04-10T16:34:22.797137 #27744]  INFO -- : 0:  jbuilder (1.0.2) from /home/dominic/.rvm/gems/ruby-2.1.0@railstutorial_rails_4_0/specifications/jbuilder-1.0.2.gemspec
I, [2014-04-10T16:34:22.798293 #27744]  INFO -- : 0:  jquery-rails (3.0.4) from /home/dominic/.rvm/gems/ruby-2.1.0@railstutorial_rails_4_0/specifications/jquery-rails-3.0.4.gemspec
I, [2014-04-10T16:34:23.805685 #27744]  INFO -- : 0:  json (1.8.1) from /home/dominic/.rvm/gems/ruby-2.1.0@railstutorial_rails_4_0/specifications/json-1.8.1.gemspec
I, [2014-04-10T16:34:23.807156 #27744]  INFO -- : 0:  pg (0.15.1) from /home/dominic/.rvm/gems/ruby-2.1.0@railstutorial_rails_4_0/specifications/pg-0.15.1.gemspec
I, [2014-04-10T16:34:23.808175 #27744]  INFO -- : 0:  tilt (1.4.1) from /home/dominic/.rvm/gems/ruby-2.1.0@railstutorial_rails_4_0/specifications/tilt-1.4.1.gemspec
I, [2014-04-10T16:34:23.809406 #27744]  INFO -- : 0:  sprockets (2.11.0) from /home/dominic/.rvm/gems/ruby-2.1.0@railstutorial_rails_4_0/specifications/sprockets-2.11.0.gemspec
I, [2014-04-10T16:34:23.810465 #27744]  INFO -- : 0:  sprockets-rails (2.0.1) from /home/dominic/.rvm/gems/ruby-2.1.0@railstutorial_rails_4_0/specifications/sprockets-rails-2.0.1.gemspec
I, [2014-04-10T16:34:23.811400 #27744]  INFO -- : 0:  rails (4.0.2) from /home/dominic/.rvm/gems/ruby-2.1.0@railstutorial_rails_4_0/specifications/rails-4.0.2.gemspec
I, [2014-04-10T16:34:23.812466 #27744]  INFO -- : 0:  rails_serve_static_assets (0.0.2) from /home/dominic/.rvm/gems/ruby-2.1.0@railstutorial_rails_4_0/specifications/rails_serve_static_assets-0.0.2.gemspec
I, [2014-04-10T16:34:23.813712 #27744]  INFO -- : 0:  rails_stdout_logging (0.0.3) from /home/dominic/.rvm/gems/ruby-2.1.0@railstutorial_rails_4_0/specifications/rails_stdout_logging-0.0.3.gemspec
I, [2014-04-10T16:34:23.814766 #27744]  INFO -- : 0:  rails_12factor (0.0.2) from /home/dominic/.rvm/gems/ruby-2.1.0@railstutorial_rails_4_0/specifications/rails_12factor-0.0.2.gemspec
I, [2014-04-10T16:34:23.815886 #27744]  INFO -- : 0:  rdoc (3.12.2) from /home/dominic/.rvm/gems/ruby-2.1.0@railstutorial_rails_4_0/specifications/rdoc-3.12.2.gemspec
I, [2014-04-10T16:34:23.816764 #27744]  INFO -- : 0:  rspec-core (2.13.1) from /home/dominic/.rvm/gems/ruby-2.1.0@railstutorial_rails_4_0/specifications/rspec-core-2.13.1.gemspec
I, [2014-04-10T16:34:23.817526 #27744]  INFO -- : 0:  rspec-expectations (2.13.0) from /home/dominic/.rvm/gems/ruby-2.1.0@railstutorial_rails_4_0/specifications/rspec-expectations-2.13.0.gemspec
I, [2014-04-10T16:34:23.818310 #27744]  INFO -- : 0:  rspec-mocks (2.13.1) from /home/dominic/.rvm/gems/ruby-2.1.0@railstutorial_rails_4_0/specifications/rspec-mocks-2.13.1.gemspec
I, [2014-04-10T16:34:23.819272 #27744]  INFO -- : 0:  rspec-rails (2.13.1) from /home/dominic/.rvm/gems/ruby-2.1.0@railstutorial_rails_4_0/specifications/rspec-rails-2.13.1.gemspec
I, [2014-04-10T16:34:23.820155 #27744]  INFO -- : 0:  rubyzip (0.9.9) from /home/dominic/.rvm/gems/ruby-2.1.0@railstutorial_rails_4_0/specifications/rubyzip-0.9.9.gemspec
I, [2014-04-10T16:34:23.821482 #27744]  INFO -- : 0:  sass-rails (4.0.1) from /home/dominic/.rvm/gems/ruby-2.1.0@railstutorial_rails_4_0/specifications/sass-rails-4.0.1.gemspec
I, [2014-04-10T16:34:23.822705 #27744]  INFO -- : 0:  sdoc (0.3.20) from /home/dominic/.rvm/gems/ruby-2.1.0@railstutorial_rails_4_0/specifications/sdoc-0.3.20.gemspec
I, [2014-04-10T16:34:23.823772 #27744]  INFO -- : 0:  websocket (1.0.7) from /home/dominic/.rvm/gems/ruby-2.1.0@railstutorial_rails_4_0/specifications/websocket-1.0.7.gemspec
I, [2014-04-10T16:34:23.826047 #27744]  INFO -- : 0:  selenium-webdriver (2.35.1) from /home/dominic/.rvm/gems/ruby-2.1.0@railstutorial_rails_4_0/specifications/selenium-webdriver-2.35.1.gemspec
I, [2014-04-10T16:34:23.827452 #27744]  INFO -- : 0:  sqlite3 (1.3.8) from /home/dominic/.rvm/gems/ruby-2.1.0@railstutorial_rails_4_0/specifications/sqlite3-1.3.8.gemspec
I, [2014-04-10T16:34:23.829056 #27744]  INFO -- : 0:  turbolinks (1.1.1) from /home/dominic/.rvm/gems/ruby-2.1.0@railstutorial_rails_4_0/specifications/turbolinks-1.1.1.gemspec
I, [2014-04-10T16:34:23.832413 #27744]  INFO -- : 0:  uglifier (2.1.1) from /home/dominic/.rvm/gems/ruby-2.1.0@railstutorial_rails_4_0/specifications/uglifier-2.1.1.gemspec
I, [2014-04-10T16:34:27.518777 #27798]  INFO -- : 0:  rake (10.2.2) from /home/dominic/.rvm/gems/ruby-2.1.0@railstutorial_rails_4_0/specifications/rake-10.2.2.gemspec
I, [2014-04-10T16:34:27.519237 #27798]  INFO -- : 0:  i18n (0.6.9) from /home/dominic/.rvm/gems/ruby-2.1.0@railstutorial_rails_4_0/specifications/i18n-0.6.9.gemspec
I, [2014-04-10T16:34:27.653723 #27798]  INFO -- : 0:  minitest (4.7.5) from /home/dominic/.rvm/gems/ruby-2.1.0@railstutorial_rails_4_0/specifications/minitest-4.7.5.gemspec
I, [2014-04-10T16:34:27.654883 #27798]  INFO -- : 0:  multi_json (1.9.2) from /home/dominic/.rvm/gems/ruby-2.1.0@railstutorial_rails_4_0/specifications/multi_json-1.9.2.gemspec
I, [2014-04-10T16:34:27.655625 #27798]  INFO -- : 0:  thread_safe (0.3.3) from /home/dominic/.rvm/gems/ruby-2.1.0@railstutorial_rails_4_0/specifications/thread_safe-0.3.3.gemspec
I, [2014-04-10T16:34:27.656314 #27798]  INFO -- : 0:  tzinfo (0.3.39) from /home/dominic/.rvm/gems/ruby-2.1.0@railstutorial_rails_4_0/specifications/tzinfo-0.3.39.gemspec
I, [2014-04-10T16:34:27.657062 #27798]  INFO -- : 0:  activesupport (4.0.2) from /home/dominic/.rvm/gems/ruby-2.1.0@railstutorial_rails_4_0/specifications/activesupport-4.0.2.gemspec
I, [2014-04-10T16:34:27.657807 #27798]  INFO -- : 0:  builder (3.1.4) from /home/dominic/.rvm/gems/ruby-2.1.0@railstutorial_rails_4_0/specifications/builder-3.1.4.gemspec
I, [2014-04-10T16:34:27.658500 #27798]  INFO -- : 0:  erubis (2.7.0) from /home/dominic/.rvm/gems/ruby-2.1.0@railstutorial_rails_4_0/specifications/erubis-2.7.0.gemspec
I, [2014-04-10T16:34:27.659218 #27798]  INFO -- : 0:  rack (1.5.2) from /home/dominic/.rvm/gems/ruby-2.1.0@railstutorial_rails_4_0/specifications/rack-1.5.2.gemspec
I, [2014-04-10T16:34:27.659924 #27798]  INFO -- : 0:  rack-test (0.6.2) from /home/dominic/.rvm/gems/ruby-2.1.0@railstutorial_rails_4_0/specifications/rack-test-0.6.2.gemspec
I, [2014-04-10T16:34:27.660956 #27798]  INFO -- : 0:  actionpack (4.0.2) from /home/dominic/.rvm/gems/ruby-2.1.0@railstutorial_rails_4_0/specifications/actionpack-4.0.2.gemspec
I, [2014-04-10T16:34:27.661690 #27798]  INFO -- : 0:  mime-types (1.25.1) from /home/dominic/.rvm/gems/ruby-2.1.0@railstutorial_rails_4_0/specifications/mime-types-1.25.1.gemspec
I, [2014-04-10T16:34:27.662409 #27798]  INFO -- : 0:  polyglot (0.3.4) from /home/dominic/.rvm/gems/ruby-2.1.0@railstutorial_rails_4_0/specifications/polyglot-0.3.4.gemspec
I, [2014-04-10T16:34:27.663143 #27798]  INFO -- : 0:  treetop (1.4.15) from /home/dominic/.rvm/gems/ruby-2.1.0@railstutorial_rails_4_0/specifications/treetop-1.4.15.gemspec
I, [2014-04-10T16:34:27.663767 #27798]  INFO -- : 0:  mail (2.5.4) from /home/dominic/.rvm/gems/ruby-2.1.0@railstutorial_rails_4_0/specifications/mail-2.5.4.gemspec
I, [2014-04-10T16:34:27.664419 #27798]  INFO -- : 0:  actionmailer (4.0.2) from /home/dominic/.rvm/gems/ruby-2.1.0@railstutorial_rails_4_0/specifications/actionmailer-4.0.2.gemspec
I, [2014-04-10T16:34:27.665082 #27798]  INFO -- : 0:  activemodel (4.0.2) from /home/dominic/.rvm/gems/ruby-2.1.0@railstutorial_rails_4_0/specifications/activemodel-4.0.2.gemspec
I, [2014-04-10T16:34:27.665971 #27798]  INFO -- : 0:  activerecord-deprecated_finders (1.0.3) from /home/dominic/.rvm/gems/ruby-2.1.0@railstutorial_rails_4_0/specifications/activerecord-deprecated_finders-1.0.3.gemspec
I, [2014-04-10T16:34:27.666777 #27798]  INFO -- : 0:  arel (4.0.2) from /home/dominic/.rvm/gems/ruby-2.1.0@railstutorial_rails_4_0/specifications/arel-4.0.2.gemspec
I, [2014-04-10T16:34:27.667621 #27798]  INFO -- : 0:  activerecord (4.0.2) from /home/dominic/.rvm/gems/ruby-2.1.0@railstutorial_rails_4_0/specifications/activerecord-4.0.2.gemspec
I, [2014-04-10T16:34:27.668421 #27798]  INFO -- : 0:  sass (3.3.4) from /home/dominic/.rvm/gems/ruby-2.1.0@railstutorial_rails_4_0/specifications/sass-3.3.4.gemspec
I, [2014-04-10T16:34:27.669378 #27798]  INFO -- : 0:  bootstrap-sass (2.3.2.0) from /home/dominic/.rvm/gems/ruby-2.1.0@railstutorial_rails_4_0/specifications/bootstrap-sass-2.3.2.0.gemspec
I, [2014-04-10T16:34:27.670171 #27798]  INFO -- : 0:  mini_portile (0.5.3) from /home/dominic/.rvm/gems/ruby-2.1.0@railstutorial_rails_4_0/specifications/mini_portile-0.5.3.gemspec
I, [2014-04-10T16:34:27.671103 #27798]  INFO -- : 0:  nokogiri (1.6.1) from /home/dominic/.rvm/gems/ruby-2.1.0@railstutorial_rails_4_0/specifications/nokogiri-1.6.1.gemspec
I, [2014-04-10T16:34:27.672097 #27798]  INFO -- : 0:  xpath (2.0.0) from /home/dominic/.rvm/gems/ruby-2.1.0@railstutorial_rails_4_0/specifications/xpath-2.0.0.gemspec
I, [2014-04-10T16:34:27.673086 #27798]  INFO -- : 0:  capybara (2.1.0) from /home/dominic/.rvm/gems/ruby-2.1.0@railstutorial_rails_4_0/specifications/capybara-2.1.0.gemspec
I, [2014-04-10T16:34:27.673894 #27798]  INFO -- : 0:  ffi (1.9.3) from /home/dominic/.rvm/gems/ruby-2.1.0@railstutorial_rails_4_0/specifications/ffi-1.9.3.gemspec
I, [2014-04-10T16:34:27.674714 #27798]  INFO -- : 0:  childprocess (0.5.2) from /home/dominic/.rvm/gems/ruby-2.1.0@railstutorial_rails_4_0/specifications/childprocess-0.5.2.gemspec
I, [2014-04-10T16:34:27.675563 #27798]  INFO -- : 0:  coffee-script-source (1.7.0) from /home/dominic/.rvm/gems/ruby-2.1.0@railstutorial_rails_4_0/specifications/coffee-script-source-1.7.0.gemspec
I, [2014-04-10T16:34:27.676235 #27798]  INFO -- : 0:  execjs (2.0.2) from /home/dominic/.rvm/gems/ruby-2.1.0@railstutorial_rails_4_0/specifications/execjs-2.0.2.gemspec
I, [2014-04-10T16:34:27.677082 #27798]  INFO -- : 0:  coffee-script (2.2.0) from /home/dominic/.rvm/gems/ruby-2.1.0@railstutorial_rails_4_0/specifications/coffee-script-2.2.0.gemspec
I, [2014-04-10T16:34:27.677835 #27798]  INFO -- : 0:  thor (0.19.1) from /home/dominic/.rvm/gems/ruby-2.1.0@railstutorial_rails_4_0/specifications/thor-0.19.1.gemspec
I, [2014-04-10T16:34:27.678577 #27798]  INFO -- : 0:  railties (4.0.2) from /home/dominic/.rvm/gems/ruby-2.1.0@railstutorial_rails_4_0/specifications/railties-4.0.2.gemspec
I, [2014-04-10T16:34:27.679426 #27798]  INFO -- : 0:  coffee-rails (4.0.1) from /home/dominic/.rvm/gems/ruby-2.1.0@railstutorial_rails_4_0/specifications/coffee-rails-4.0.1.gemspec
I, [2014-04-10T16:34:27.680300 #27798]  INFO -- : 0:  diff-lcs (1.2.5) from /home/dominic/.rvm/gems/ruby-2.1.0@railstutorial_rails_4_0/specifications/diff-lcs-1.2.5.gemspec
I, [2014-04-10T16:34:27.681465 #27798]  INFO -- : 0:  hike (1.2.3) from /home/dominic/.rvm/gems/ruby-2.1.0@railstutorial_rails_4_0/specifications/hike-1.2.3.gemspec
I, [2014-04-10T16:34:27.682383 #27798]  INFO -- : 0:  jbuilder (1.0.2) from /home/dominic/.rvm/gems/ruby-2.1.0@railstutorial_rails_4_0/specifications/jbuilder-1.0.2.gemspec
I, [2014-04-10T16:34:27.683224 #27798]  INFO -- : 0:  jquery-rails (3.0.4) from /home/dominic/.rvm/gems/ruby-2.1.0@railstutorial_rails_4_0/specifications/jquery-rails-3.0.4.gemspec
I, [2014-04-10T16:34:28.677857 #27798]  INFO -- : 0:  json (1.8.1) from /home/dominic/.rvm/gems/ruby-2.1.0@railstutorial_rails_4_0/specifications/json-1.8.1.gemspec
I, [2014-04-10T16:34:28.678583 #27798]  INFO -- : 0:  pg (0.15.1) from /home/dominic/.rvm/gems/ruby-2.1.0@railstutorial_rails_4_0/specifications/pg-0.15.1.gemspec
I, [2014-04-10T16:34:28.679000 #27798]  INFO -- : 0:  bundler (1.5.0) from /home/dominic/.rvm/gems/ruby-2.1.0@global/specifications/bundler-1.5.0.gemspec
I, [2014-04-10T16:34:28.679416 #27798]  INFO -- : 0:  tilt (1.4.1) from /home/dominic/.rvm/gems/ruby-2.1.0@railstutorial_rails_4_0/specifications/tilt-1.4.1.gemspec
I, [2014-04-10T16:34:28.679820 #27798]  INFO -- : 0:  sprockets (2.11.0) from /home/dominic/.rvm/gems/ruby-2.1.0@railstutorial_rails_4_0/specifications/sprockets-2.11.0.gemspec
I, [2014-04-10T16:34:28.680220 #27798]  INFO -- : 0:  sprockets-rails (2.0.1) from /home/dominic/.rvm/gems/ruby-2.1.0@railstutorial_rails_4_0/specifications/sprockets-rails-2.0.1.gemspec
I, [2014-04-10T16:34:28.680610 #27798]  INFO -- : 0:  rails (4.0.2) from /home/dominic/.rvm/gems/ruby-2.1.0@railstutorial_rails_4_0/specifications/rails-4.0.2.gemspec
I, [2014-04-10T16:34:28.680978 #27798]  INFO -- : 0:  rails_serve_static_assets (0.0.2) from /home/dominic/.rvm/gems/ruby-2.1.0@railstutorial_rails_4_0/specifications/rails_serve_static_assets-0.0.2.gemspec
I, [2014-04-10T16:34:28.681403 #27798]  INFO -- : 0:  rails_stdout_logging (0.0.3) from /home/dominic/.rvm/gems/ruby-2.1.0@railstutorial_rails_4_0/specifications/rails_stdout_logging-0.0.3.gemspec
I, [2014-04-10T16:34:28.681806 #27798]  INFO -- : 0:  rails_12factor (0.0.2) from /home/dominic/.rvm/gems/ruby-2.1.0@railstutorial_rails_4_0/specifications/rails_12factor-0.0.2.gemspec
I, [2014-04-10T16:34:28.682202 #27798]  INFO -- : 0:  rdoc (3.12.2) from /home/dominic/.rvm/gems/ruby-2.1.0@railstutorial_rails_4_0/specifications/rdoc-3.12.2.gemspec
I, [2014-04-10T16:34:28.682678 #27798]  INFO -- : 0:  rspec-core (2.13.1) from /home/dominic/.rvm/gems/ruby-2.1.0@railstutorial_rails_4_0/specifications/rspec-core-2.13.1.gemspec
I, [2014-04-10T16:34:28.683729 #27798]  INFO -- : 0:  rspec-expectations (2.13.0) from /home/dominic/.rvm/gems/ruby-2.1.0@railstutorial_rails_4_0/specifications/rspec-expectations-2.13.0.gemspec
I, [2014-04-10T16:34:28.684052 #27798]  INFO -- : 0:  rspec-mocks (2.13.1) from /home/dominic/.rvm/gems/ruby-2.1.0@railstutorial_rails_4_0/specifications/rspec-mocks-2.13.1.gemspec
I, [2014-04-10T16:34:28.684370 #27798]  INFO -- : 0:  rspec-rails (2.13.1) from /home/dominic/.rvm/gems/ruby-2.1.0@railstutorial_rails_4_0/specifications/rspec-rails-2.13.1.gemspec
I, [2014-04-10T16:34:28.684718 #27798]  INFO -- : 0:  rubyzip (0.9.9) from /home/dominic/.rvm/gems/ruby-2.1.0@railstutorial_rails_4_0/specifications/rubyzip-0.9.9.gemspec
I, [2014-04-10T16:34:28.684936 #27798]  INFO -- : 0:  sass-rails (4.0.1) from /home/dominic/.rvm/gems/ruby-2.1.0@railstutorial_rails_4_0/specifications/sass-rails-4.0.1.gemspec
I, [2014-04-10T16:34:28.685253 #27798]  INFO -- : 0:  sdoc (0.3.20) from /home/dominic/.rvm/gems/ruby-2.1.0@railstutorial_rails_4_0/specifications/sdoc-0.3.20.gemspec
I, [2014-04-10T16:34:28.685634 #27798]  INFO -- : 0:  websocket (1.0.7) from /home/dominic/.rvm/gems/ruby-2.1.0@railstutorial_rails_4_0/specifications/websocket-1.0.7.gemspec
I, [2014-04-10T16:34:28.685987 #27798]  INFO -- : 0:  selenium-webdriver (2.35.1) from /home/dominic/.rvm/gems/ruby-2.1.0@railstutorial_rails_4_0/specifications/selenium-webdriver-2.35.1.gemspec
I, [2014-04-10T16:34:28.686317 #27798]  INFO -- : 0:  sqlite3 (1.3.8) from /home/dominic/.rvm/gems/ruby-2.1.0@railstutorial_rails_4_0/specifications/sqlite3-1.3.8.gemspec
I, [2014-04-10T16:34:28.686700 #27798]  INFO -- : 0:  turbolinks (1.1.1) from /home/dominic/.rvm/gems/ruby-2.1.0@railstutorial_rails_4_0/specifications/turbolinks-1.1.1.gemspec
I, [2014-04-10T16:34:28.687055 #27798]  INFO -- : 0:  uglifier (2.1.1) from /home/dominic/.rvm/gems/ruby-2.1.0@railstutorial_rails_4_0/specifications/uglifier-2.1.1.gemspec
